[2022-09-04T16:19:01.428+0000] {taskinstance.py:1171} INFO - Dependencies all met for <TaskInstance: first_airflow_dag.get_datetime scheduled__2022-09-04T16:18:00+00:00 [queued]>
[2022-09-04T16:19:01.434+0000] {taskinstance.py:1171} INFO - Dependencies all met for <TaskInstance: first_airflow_dag.get_datetime scheduled__2022-09-04T16:18:00+00:00 [queued]>
[2022-09-04T16:19:01.436+0000] {taskinstance.py:1368} INFO - 
--------------------------------------------------------------------------------
[2022-09-04T16:19:01.437+0000] {taskinstance.py:1369} INFO - Starting attempt 1 of 1
[2022-09-04T16:19:01.438+0000] {taskinstance.py:1370} INFO - 
--------------------------------------------------------------------------------
[2022-09-04T16:19:01.446+0000] {taskinstance.py:1389} INFO - Executing <Task(BashOperator): get_datetime> on 2022-09-04 16:18:00+00:00
[2022-09-04T16:19:01.450+0000] {standard_task_runner.py:52} INFO - Started process 2955 to run task
[2022-09-04T16:19:01.453+0000] {standard_task_runner.py:79} INFO - Running: ['***', 'tasks', 'run', 'first_***_dag', 'get_datetime', 'scheduled__2022-09-04T16:18:00+00:00', '--job-id', '38', '--raw', '--subdir', 'DAGS_FOLDER/first_dag.py', '--cfg-path', '/tmp/tmpmargzcon', '--error-file', '/tmp/tmpfa6nkcwh']
[2022-09-04T16:19:01.455+0000] {standard_task_runner.py:80} INFO - Job 38: Subtask get_datetime
[2022-09-04T16:19:01.502+0000] {task_command.py:371} INFO - Running <TaskInstance: first_airflow_dag.get_datetime scheduled__2022-09-04T16:18:00+00:00 [running]> on host c56acb3a0493
[2022-09-04T16:19:01.546+0000] {taskinstance.py:1583} INFO - Exporting the following env vars:
AIRFLOW_CTX_DAG_OWNER=***
AIRFLOW_CTX_DAG_ID=first_***_dag
AIRFLOW_CTX_TASK_ID=get_datetime
AIRFLOW_CTX_EXECUTION_DATE=2022-09-04T16:18:00+00:00
AIRFLOW_CTX_TRY_NUMBER=1
AIRFLOW_CTX_DAG_RUN_ID=scheduled__2022-09-04T16:18:00+00:00
[2022-09-04T16:19:01.549+0000] {subprocess.py:62} INFO - Tmp dir root location: 
 /tmp
[2022-09-04T16:19:01.550+0000] {subprocess.py:74} INFO - Running command: ['/bin/bash', '-c', 'date']
[2022-09-04T16:19:01.562+0000] {subprocess.py:85} INFO - Output:
[2022-09-04T16:19:01.564+0000] {subprocess.py:92} INFO - Sun Sep  4 16:19:01 UTC 2022
[2022-09-04T16:19:01.565+0000] {subprocess.py:96} INFO - Command exited with return code 0
[2022-09-04T16:19:01.587+0000] {taskinstance.py:1412} INFO - Marking task as SUCCESS. dag_id=first_***_dag, task_id=get_datetime, execution_date=20220904T161800, start_date=20220904T161901, end_date=20220904T161901
[2022-09-04T16:19:01.626+0000] {local_task_job.py:156} INFO - Task exited with return code 0
[2022-09-04T16:19:01.651+0000] {local_task_job.py:279} INFO - 0 downstream tasks scheduled from follow-on schedule check
