[2022-09-04T16:42:28.898+0000] {taskinstance.py:1171} INFO - Dependencies all met for <TaskInstance: first_airflow_dag.get_datetime scheduled__2022-09-04T16:41:00+00:00 [queued]>
[2022-09-04T16:42:28.912+0000] {taskinstance.py:1171} INFO - Dependencies all met for <TaskInstance: first_airflow_dag.get_datetime scheduled__2022-09-04T16:41:00+00:00 [queued]>
[2022-09-04T16:42:28.913+0000] {taskinstance.py:1368} INFO - 
--------------------------------------------------------------------------------
[2022-09-04T16:42:28.915+0000] {taskinstance.py:1369} INFO - Starting attempt 1 of 1
[2022-09-04T16:42:28.917+0000] {taskinstance.py:1370} INFO - 
--------------------------------------------------------------------------------
[2022-09-04T16:42:28.926+0000] {taskinstance.py:1389} INFO - Executing <Task(BashOperator): get_datetime> on 2022-09-04 16:41:00+00:00
[2022-09-04T16:42:28.932+0000] {standard_task_runner.py:52} INFO - Started process 102 to run task
[2022-09-04T16:42:28.936+0000] {standard_task_runner.py:79} INFO - Running: ['***', 'tasks', 'run', 'first_***_dag', 'get_datetime', 'scheduled__2022-09-04T16:41:00+00:00', '--job-id', '3', '--raw', '--subdir', 'DAGS_FOLDER/first_dag.py', '--cfg-path', '/tmp/tmpratij6kc', '--error-file', '/tmp/tmp5tp3l9ph']
[2022-09-04T16:42:28.938+0000] {standard_task_runner.py:80} INFO - Job 3: Subtask get_datetime
[2022-09-04T16:42:28.995+0000] {task_command.py:371} INFO - Running <TaskInstance: first_airflow_dag.get_datetime scheduled__2022-09-04T16:41:00+00:00 [running]> on host a8d8517a6bff
[2022-09-04T16:42:29.040+0000] {taskinstance.py:1583} INFO - Exporting the following env vars:
AIRFLOW_CTX_DAG_OWNER=***
AIRFLOW_CTX_DAG_ID=first_***_dag
AIRFLOW_CTX_TASK_ID=get_datetime
AIRFLOW_CTX_EXECUTION_DATE=2022-09-04T16:41:00+00:00
AIRFLOW_CTX_TRY_NUMBER=1
AIRFLOW_CTX_DAG_RUN_ID=scheduled__2022-09-04T16:41:00+00:00
[2022-09-04T16:42:29.043+0000] {subprocess.py:62} INFO - Tmp dir root location: 
 /tmp
[2022-09-04T16:42:29.044+0000] {subprocess.py:74} INFO - Running command: ['/bin/bash', '-c', 'date']
[2022-09-04T16:42:29.056+0000] {subprocess.py:85} INFO - Output:
[2022-09-04T16:42:29.059+0000] {subprocess.py:92} INFO - Sun Sep  4 16:42:29 UTC 2022
[2022-09-04T16:42:29.061+0000] {subprocess.py:96} INFO - Command exited with return code 0
[2022-09-04T16:42:29.081+0000] {taskinstance.py:1412} INFO - Marking task as SUCCESS. dag_id=first_***_dag, task_id=get_datetime, execution_date=20220904T164100, start_date=20220904T164228, end_date=20220904T164229
[2022-09-04T16:42:29.109+0000] {local_task_job.py:156} INFO - Task exited with return code 0
[2022-09-04T16:42:29.137+0000] {local_task_job.py:279} INFO - 1 downstream tasks scheduled from follow-on schedule check
