[2022-09-04T16:11:00.642+0000] {taskinstance.py:1171} INFO - Dependencies all met for <TaskInstance: first_airflow_dag.get_datetime scheduled__2022-09-04T16:10:00+00:00 [queued]>
[2022-09-04T16:11:00.648+0000] {taskinstance.py:1171} INFO - Dependencies all met for <TaskInstance: first_airflow_dag.get_datetime scheduled__2022-09-04T16:10:00+00:00 [queued]>
[2022-09-04T16:11:00.649+0000] {taskinstance.py:1368} INFO - 
--------------------------------------------------------------------------------
[2022-09-04T16:11:00.650+0000] {taskinstance.py:1369} INFO - Starting attempt 1 of 1
[2022-09-04T16:11:00.651+0000] {taskinstance.py:1370} INFO - 
--------------------------------------------------------------------------------
[2022-09-04T16:11:00.659+0000] {taskinstance.py:1389} INFO - Executing <Task(BashOperator): get_datetime> on 2022-09-04 16:10:00+00:00
[2022-09-04T16:11:00.664+0000] {standard_task_runner.py:52} INFO - Started process 2512 to run task
[2022-09-04T16:11:00.667+0000] {standard_task_runner.py:79} INFO - Running: ['***', 'tasks', 'run', 'first_***_dag', 'get_datetime', 'scheduled__2022-09-04T16:10:00+00:00', '--job-id', '27', '--raw', '--subdir', 'DAGS_FOLDER/first_dag.py', '--cfg-path', '/tmp/tmp9cbro9io', '--error-file', '/tmp/tmp0jzsg_co']
[2022-09-04T16:11:00.669+0000] {standard_task_runner.py:80} INFO - Job 27: Subtask get_datetime
[2022-09-04T16:11:00.713+0000] {task_command.py:371} INFO - Running <TaskInstance: first_airflow_dag.get_datetime scheduled__2022-09-04T16:10:00+00:00 [running]> on host c56acb3a0493
[2022-09-04T16:11:00.754+0000] {taskinstance.py:1583} INFO - Exporting the following env vars:
AIRFLOW_CTX_DAG_OWNER=***
AIRFLOW_CTX_DAG_ID=first_***_dag
AIRFLOW_CTX_TASK_ID=get_datetime
AIRFLOW_CTX_EXECUTION_DATE=2022-09-04T16:10:00+00:00
AIRFLOW_CTX_TRY_NUMBER=1
AIRFLOW_CTX_DAG_RUN_ID=scheduled__2022-09-04T16:10:00+00:00
[2022-09-04T16:11:00.756+0000] {subprocess.py:62} INFO - Tmp dir root location: 
 /tmp
[2022-09-04T16:11:00.757+0000] {subprocess.py:74} INFO - Running command: ['/bin/bash', '-c', 'date']
[2022-09-04T16:11:00.769+0000] {subprocess.py:85} INFO - Output:
[2022-09-04T16:11:00.771+0000] {subprocess.py:92} INFO - Sun Sep  4 16:11:00 UTC 2022
[2022-09-04T16:11:00.772+0000] {subprocess.py:96} INFO - Command exited with return code 0
[2022-09-04T16:11:00.791+0000] {taskinstance.py:1412} INFO - Marking task as SUCCESS. dag_id=first_***_dag, task_id=get_datetime, execution_date=20220904T161000, start_date=20220904T161100, end_date=20220904T161100
[2022-09-04T16:11:00.839+0000] {local_task_job.py:156} INFO - Task exited with return code 0
[2022-09-04T16:11:00.861+0000] {local_task_job.py:279} INFO - 0 downstream tasks scheduled from follow-on schedule check
