[2022-09-04T16:23:00.920+0000] {taskinstance.py:1171} INFO - Dependencies all met for <TaskInstance: first_airflow_dag.get_datetime scheduled__2022-09-04T16:22:00+00:00 [queued]>
[2022-09-04T16:23:00.929+0000] {taskinstance.py:1171} INFO - Dependencies all met for <TaskInstance: first_airflow_dag.get_datetime scheduled__2022-09-04T16:22:00+00:00 [queued]>
[2022-09-04T16:23:00.930+0000] {taskinstance.py:1368} INFO - 
--------------------------------------------------------------------------------
[2022-09-04T16:23:00.932+0000] {taskinstance.py:1369} INFO - Starting attempt 1 of 1
[2022-09-04T16:23:00.933+0000] {taskinstance.py:1370} INFO - 
--------------------------------------------------------------------------------
[2022-09-04T16:23:00.943+0000] {taskinstance.py:1389} INFO - Executing <Task(BashOperator): get_datetime> on 2022-09-04 16:22:00+00:00
[2022-09-04T16:23:00.950+0000] {standard_task_runner.py:52} INFO - Started process 3195 to run task
[2022-09-04T16:23:00.952+0000] {standard_task_runner.py:79} INFO - Running: ['***', 'tasks', 'run', 'first_***_dag', 'get_datetime', 'scheduled__2022-09-04T16:22:00+00:00', '--job-id', '50', '--raw', '--subdir', 'DAGS_FOLDER/first_dag.py', '--cfg-path', '/tmp/tmpa65slkfk', '--error-file', '/tmp/tmpc7jlvzax']
[2022-09-04T16:23:00.955+0000] {standard_task_runner.py:80} INFO - Job 50: Subtask get_datetime
[2022-09-04T16:23:01.012+0000] {task_command.py:371} INFO - Running <TaskInstance: first_airflow_dag.get_datetime scheduled__2022-09-04T16:22:00+00:00 [running]> on host c56acb3a0493
[2022-09-04T16:23:01.065+0000] {taskinstance.py:1583} INFO - Exporting the following env vars:
AIRFLOW_CTX_DAG_OWNER=***
AIRFLOW_CTX_DAG_ID=first_***_dag
AIRFLOW_CTX_TASK_ID=get_datetime
AIRFLOW_CTX_EXECUTION_DATE=2022-09-04T16:22:00+00:00
AIRFLOW_CTX_TRY_NUMBER=1
AIRFLOW_CTX_DAG_RUN_ID=scheduled__2022-09-04T16:22:00+00:00
[2022-09-04T16:23:01.067+0000] {subprocess.py:62} INFO - Tmp dir root location: 
 /tmp
[2022-09-04T16:23:01.068+0000] {subprocess.py:74} INFO - Running command: ['/bin/bash', '-c', 'date']
[2022-09-04T16:23:01.079+0000] {subprocess.py:85} INFO - Output:
[2022-09-04T16:23:01.082+0000] {subprocess.py:92} INFO - Sun Sep  4 16:23:01 UTC 2022
[2022-09-04T16:23:01.084+0000] {subprocess.py:96} INFO - Command exited with return code 0
[2022-09-04T16:23:01.113+0000] {taskinstance.py:1412} INFO - Marking task as SUCCESS. dag_id=first_***_dag, task_id=get_datetime, execution_date=20220904T162200, start_date=20220904T162300, end_date=20220904T162301
[2022-09-04T16:23:01.166+0000] {local_task_job.py:156} INFO - Task exited with return code 0
[2022-09-04T16:23:01.209+0000] {local_task_job.py:279} INFO - 0 downstream tasks scheduled from follow-on schedule check
