[2022-09-04T16:47:01.004+0000] {taskinstance.py:1171} INFO - Dependencies all met for <TaskInstance: first_airflow_dag.get_datetime scheduled__2022-09-04T16:46:00+00:00 [queued]>
[2022-09-04T16:47:01.010+0000] {taskinstance.py:1171} INFO - Dependencies all met for <TaskInstance: first_airflow_dag.get_datetime scheduled__2022-09-04T16:46:00+00:00 [queued]>
[2022-09-04T16:47:01.012+0000] {taskinstance.py:1368} INFO - 
--------------------------------------------------------------------------------
[2022-09-04T16:47:01.013+0000] {taskinstance.py:1369} INFO - Starting attempt 1 of 1
[2022-09-04T16:47:01.014+0000] {taskinstance.py:1370} INFO - 
--------------------------------------------------------------------------------
[2022-09-04T16:47:01.021+0000] {taskinstance.py:1389} INFO - Executing <Task(BashOperator): get_datetime> on 2022-09-04 16:46:00+00:00
[2022-09-04T16:47:01.026+0000] {standard_task_runner.py:52} INFO - Started process 395 to run task
[2022-09-04T16:47:01.029+0000] {standard_task_runner.py:79} INFO - Running: ['***', 'tasks', 'run', 'first_***_dag', 'get_datetime', 'scheduled__2022-09-04T16:46:00+00:00', '--job-id', '24', '--raw', '--subdir', 'DAGS_FOLDER/first_dag.py', '--cfg-path', '/tmp/tmp78ul_j8_', '--error-file', '/tmp/tmp1vxc3t45']
[2022-09-04T16:47:01.032+0000] {standard_task_runner.py:80} INFO - Job 24: Subtask get_datetime
[2022-09-04T16:47:01.073+0000] {task_command.py:371} INFO - Running <TaskInstance: first_airflow_dag.get_datetime scheduled__2022-09-04T16:46:00+00:00 [running]> on host a8d8517a6bff
[2022-09-04T16:47:01.113+0000] {taskinstance.py:1583} INFO - Exporting the following env vars:
AIRFLOW_CTX_DAG_OWNER=***
AIRFLOW_CTX_DAG_ID=first_***_dag
AIRFLOW_CTX_TASK_ID=get_datetime
AIRFLOW_CTX_EXECUTION_DATE=2022-09-04T16:46:00+00:00
AIRFLOW_CTX_TRY_NUMBER=1
AIRFLOW_CTX_DAG_RUN_ID=scheduled__2022-09-04T16:46:00+00:00
[2022-09-04T16:47:01.115+0000] {subprocess.py:62} INFO - Tmp dir root location: 
 /tmp
[2022-09-04T16:47:01.116+0000] {subprocess.py:74} INFO - Running command: ['/bin/bash', '-c', 'date']
[2022-09-04T16:47:01.126+0000] {subprocess.py:85} INFO - Output:
[2022-09-04T16:47:01.128+0000] {subprocess.py:92} INFO - Sun Sep  4 16:47:01 UTC 2022
[2022-09-04T16:47:01.129+0000] {subprocess.py:96} INFO - Command exited with return code 0
[2022-09-04T16:47:01.150+0000] {taskinstance.py:1412} INFO - Marking task as SUCCESS. dag_id=first_***_dag, task_id=get_datetime, execution_date=20220904T164600, start_date=20220904T164701, end_date=20220904T164701
[2022-09-04T16:47:01.201+0000] {local_task_job.py:156} INFO - Task exited with return code 0
[2022-09-04T16:47:01.228+0000] {local_task_job.py:279} INFO - 1 downstream tasks scheduled from follow-on schedule check
