[2022-09-04T15:44:30.394+0000] {taskinstance.py:1171} INFO - Dependencies all met for <TaskInstance: tutorial.sleep manual__2022-09-04T15:44:28.115786+00:00 [queued]>
[2022-09-04T15:44:30.402+0000] {taskinstance.py:1171} INFO - Dependencies all met for <TaskInstance: tutorial.sleep manual__2022-09-04T15:44:28.115786+00:00 [queued]>
[2022-09-04T15:44:30.403+0000] {taskinstance.py:1368} INFO - 
--------------------------------------------------------------------------------
[2022-09-04T15:44:30.404+0000] {taskinstance.py:1369} INFO - Starting attempt 1 of 4
[2022-09-04T15:44:30.405+0000] {taskinstance.py:1370} INFO - 
--------------------------------------------------------------------------------
[2022-09-04T15:44:30.415+0000] {taskinstance.py:1389} INFO - Executing <Task(BashOperator): sleep> on 2022-09-04 15:44:28.115786+00:00
[2022-09-04T15:44:30.422+0000] {standard_task_runner.py:52} INFO - Started process 1178 to run task
[2022-09-04T15:44:30.429+0000] {standard_task_runner.py:79} INFO - Running: ['***', 'tasks', 'run', 'tutorial', 'sleep', 'manual__2022-09-04T15:44:28.115786+00:00', '--job-id', '22', '--raw', '--subdir', 'DAGS_FOLDER/tutorial.py', '--cfg-path', '/tmp/tmpdkgfxpjy', '--error-file', '/tmp/tmpzn3rhlcb']
[2022-09-04T15:44:30.430+0000] {standard_task_runner.py:80} INFO - Job 22: Subtask sleep
[2022-09-04T15:44:30.509+0000] {task_command.py:371} INFO - Running <TaskInstance: tutorial.sleep manual__2022-09-04T15:44:28.115786+00:00 [running]> on host c56acb3a0493
[2022-09-04T15:44:30.586+0000] {taskinstance.py:1583} INFO - Exporting the following env vars:
AIRFLOW_CTX_DAG_EMAIL=***@example.com
AIRFLOW_CTX_DAG_OWNER=***
AIRFLOW_CTX_DAG_ID=tutorial
AIRFLOW_CTX_TASK_ID=sleep
AIRFLOW_CTX_EXECUTION_DATE=2022-09-04T15:44:28.115786+00:00
AIRFLOW_CTX_TRY_NUMBER=1
AIRFLOW_CTX_DAG_RUN_ID=manual__2022-09-04T15:44:28.115786+00:00
[2022-09-04T15:44:30.588+0000] {subprocess.py:62} INFO - Tmp dir root location: 
 /tmp
[2022-09-04T15:44:30.589+0000] {subprocess.py:74} INFO - Running command: ['/bin/bash', '-c', 'sleep 5']
[2022-09-04T15:44:30.607+0000] {subprocess.py:85} INFO - Output:
[2022-09-04T15:44:35.610+0000] {subprocess.py:96} INFO - Command exited with return code 0
[2022-09-04T15:44:35.632+0000] {taskinstance.py:1412} INFO - Marking task as SUCCESS. dag_id=tutorial, task_id=sleep, execution_date=20220904T154428, start_date=20220904T154430, end_date=20220904T154435
[2022-09-04T15:44:35.660+0000] {local_task_job.py:156} INFO - Task exited with return code 0
[2022-09-04T15:44:35.677+0000] {local_task_job.py:279} INFO - 0 downstream tasks scheduled from follow-on schedule check
