[2022-09-04T15:26:54.026+0000] {taskinstance.py:1171} INFO - Dependencies all met for <TaskInstance: example_bash_operator.also_run_this manual__2022-09-04T15:26:51.659387+00:00 [queued]>
[2022-09-04T15:26:54.053+0000] {taskinstance.py:1171} INFO - Dependencies all met for <TaskInstance: example_bash_operator.also_run_this manual__2022-09-04T15:26:51.659387+00:00 [queued]>
[2022-09-04T15:26:54.054+0000] {taskinstance.py:1368} INFO - 
--------------------------------------------------------------------------------
[2022-09-04T15:26:54.055+0000] {taskinstance.py:1369} INFO - Starting attempt 1 of 1
[2022-09-04T15:26:54.056+0000] {taskinstance.py:1370} INFO - 
--------------------------------------------------------------------------------
[2022-09-04T15:26:54.097+0000] {taskinstance.py:1389} INFO - Executing <Task(BashOperator): also_run_this> on 2022-09-04 15:26:51.659387+00:00
[2022-09-04T15:26:54.103+0000] {standard_task_runner.py:52} INFO - Started process 255 to run task
[2022-09-04T15:26:54.125+0000] {standard_task_runner.py:79} INFO - Running: ['***', 'tasks', 'run', 'example_bash_operator', 'also_run_this', 'manual__2022-09-04T15:26:51.659387+00:00', '--job-id', '10', '--raw', '--subdir', '/home/***/.local/lib/python3.7/site-packages/***/example_dags/example_bash_operator.py', '--cfg-path', '/tmp/tmptf61oksy', '--error-file', '/tmp/tmpleerm1jw']
[2022-09-04T15:26:54.134+0000] {standard_task_runner.py:80} INFO - Job 10: Subtask also_run_this
[2022-09-04T15:26:54.393+0000] {task_command.py:371} INFO - Running <TaskInstance: example_bash_operator.also_run_this manual__2022-09-04T15:26:51.659387+00:00 [running]> on host c56acb3a0493
[2022-09-04T15:26:54.531+0000] {taskinstance.py:1583} INFO - Exporting the following env vars:
AIRFLOW_CTX_DAG_OWNER=***
AIRFLOW_CTX_DAG_ID=example_bash_operator
AIRFLOW_CTX_TASK_ID=also_run_this
AIRFLOW_CTX_EXECUTION_DATE=2022-09-04T15:26:51.659387+00:00
AIRFLOW_CTX_TRY_NUMBER=1
AIRFLOW_CTX_DAG_RUN_ID=manual__2022-09-04T15:26:51.659387+00:00
[2022-09-04T15:26:54.534+0000] {subprocess.py:62} INFO - Tmp dir root location: 
 /tmp
[2022-09-04T15:26:54.536+0000] {subprocess.py:74} INFO - Running command: ['/bin/bash', '-c', 'echo "run_id=manual__2022-09-04T15:26:51.659387+00:00 | dag_run=<DagRun example_bash_operator @ 2022-09-04 15:26:51.659387+00:00: manual__2022-09-04T15:26:51.659387+00:00, state:running, queued_at: 2022-09-04 15:26:51.681543+00:00. externally triggered: True>"']
[2022-09-04T15:26:54.557+0000] {subprocess.py:85} INFO - Output:
[2022-09-04T15:26:54.561+0000] {subprocess.py:92} INFO - run_id=manual__2022-09-04T15:26:51.659387+00:00 | dag_run=<DagRun example_bash_operator @ 2022-09-04 15:26:51.659387+00:00: manual__2022-09-04T15:26:51.659387+00:00, state:running, queued_at: 2022-09-04 15:26:51.681543+00:00. externally triggered: True>
[2022-09-04T15:26:54.563+0000] {subprocess.py:96} INFO - Command exited with return code 0
[2022-09-04T15:26:54.639+0000] {taskinstance.py:1412} INFO - Marking task as SUCCESS. dag_id=example_bash_operator, task_id=also_run_this, execution_date=20220904T152651, start_date=20220904T152654, end_date=20220904T152654
[2022-09-04T15:26:54.740+0000] {local_task_job.py:156} INFO - Task exited with return code 0
[2022-09-04T15:26:54.793+0000] {local_task_job.py:279} INFO - 0 downstream tasks scheduled from follow-on schedule check
