[2022-09-04T16:28:02.035+0000] {taskinstance.py:1171} INFO - Dependencies all met for <TaskInstance: first_airflow_dag.process_datetime scheduled__2022-09-04T16:27:00+00:00 [queued]>
[2022-09-04T16:28:02.045+0000] {taskinstance.py:1171} INFO - Dependencies all met for <TaskInstance: first_airflow_dag.process_datetime scheduled__2022-09-04T16:27:00+00:00 [queued]>
[2022-09-04T16:28:02.046+0000] {taskinstance.py:1368} INFO - 
--------------------------------------------------------------------------------
[2022-09-04T16:28:02.047+0000] {taskinstance.py:1369} INFO - Starting attempt 1 of 1
[2022-09-04T16:28:02.049+0000] {taskinstance.py:1370} INFO - 
--------------------------------------------------------------------------------
[2022-09-04T16:28:02.063+0000] {taskinstance.py:1389} INFO - Executing <Task(PythonOperator): process_datetime> on 2022-09-04 16:27:00+00:00
[2022-09-04T16:28:02.068+0000] {standard_task_runner.py:52} INFO - Started process 3500 to run task
[2022-09-04T16:28:02.071+0000] {standard_task_runner.py:79} INFO - Running: ['***', 'tasks', 'run', 'first_***_dag', 'process_datetime', 'scheduled__2022-09-04T16:27:00+00:00', '--job-id', '65', '--raw', '--subdir', 'DAGS_FOLDER/first_dag.py', '--cfg-path', '/tmp/tmpufd0os2k', '--error-file', '/tmp/tmp3w1lrz6b']
[2022-09-04T16:28:02.074+0000] {standard_task_runner.py:80} INFO - Job 65: Subtask process_datetime
[2022-09-04T16:28:02.161+0000] {task_command.py:371} INFO - Running <TaskInstance: first_airflow_dag.process_datetime scheduled__2022-09-04T16:27:00+00:00 [running]> on host c56acb3a0493
[2022-09-04T16:28:02.204+0000] {taskinstance.py:1583} INFO - Exporting the following env vars:
AIRFLOW_CTX_DAG_OWNER=***
AIRFLOW_CTX_DAG_ID=first_***_dag
AIRFLOW_CTX_TASK_ID=process_datetime
AIRFLOW_CTX_EXECUTION_DATE=2022-09-04T16:27:00+00:00
AIRFLOW_CTX_TRY_NUMBER=1
AIRFLOW_CTX_DAG_RUN_ID=scheduled__2022-09-04T16:27:00+00:00
[2022-09-04T16:28:02.213+0000] {python.py:173} INFO - Done. Returned value was: {'year': 2022, 'month': 'Sep', 'day': 4, 'time': '16:28:01', 'day_of_week': 'Sun'}
[2022-09-04T16:28:02.232+0000] {taskinstance.py:1412} INFO - Marking task as SUCCESS. dag_id=first_***_dag, task_id=process_datetime, execution_date=20220904T162700, start_date=20220904T162802, end_date=20220904T162802
[2022-09-04T16:28:02.285+0000] {local_task_job.py:156} INFO - Task exited with return code 0
[2022-09-04T16:28:02.310+0000] {local_task_job.py:279} INFO - 1 downstream tasks scheduled from follow-on schedule check
