[2022-09-04T15:44:30.483+0000] {taskinstance.py:1171} INFO - Dependencies all met for <TaskInstance: tutorial.templated scheduled__2022-09-03T15:44:13.307119+00:00 [queued]>
[2022-09-04T15:44:30.494+0000] {taskinstance.py:1171} INFO - Dependencies all met for <TaskInstance: tutorial.templated scheduled__2022-09-03T15:44:13.307119+00:00 [queued]>
[2022-09-04T15:44:30.495+0000] {taskinstance.py:1368} INFO - 
--------------------------------------------------------------------------------
[2022-09-04T15:44:30.499+0000] {taskinstance.py:1369} INFO - Starting attempt 1 of 2
[2022-09-04T15:44:30.500+0000] {taskinstance.py:1370} INFO - 
--------------------------------------------------------------------------------
[2022-09-04T15:44:30.510+0000] {taskinstance.py:1389} INFO - Executing <Task(BashOperator): templated> on 2022-09-03 15:44:13.307119+00:00
[2022-09-04T15:44:30.515+0000] {standard_task_runner.py:52} INFO - Started process 1180 to run task
[2022-09-04T15:44:30.524+0000] {standard_task_runner.py:79} INFO - Running: ['***', 'tasks', 'run', 'tutorial', 'templated', 'scheduled__2022-09-03T15:44:13.307119+00:00', '--job-id', '24', '--raw', '--subdir', 'DAGS_FOLDER/tutorial.py', '--cfg-path', '/tmp/tmp_zfkjzn0', '--error-file', '/tmp/tmpodsa9avz']
[2022-09-04T15:44:30.526+0000] {standard_task_runner.py:80} INFO - Job 24: Subtask templated
[2022-09-04T15:44:30.601+0000] {task_command.py:371} INFO - Running <TaskInstance: tutorial.templated scheduled__2022-09-03T15:44:13.307119+00:00 [running]> on host c56acb3a0493
[2022-09-04T15:44:30.658+0000] {taskinstance.py:1583} INFO - Exporting the following env vars:
AIRFLOW_CTX_DAG_EMAIL=***@example.com
AIRFLOW_CTX_DAG_OWNER=***
AIRFLOW_CTX_DAG_ID=tutorial
AIRFLOW_CTX_TASK_ID=templated
AIRFLOW_CTX_EXECUTION_DATE=2022-09-03T15:44:13.307119+00:00
AIRFLOW_CTX_TRY_NUMBER=1
AIRFLOW_CTX_DAG_RUN_ID=scheduled__2022-09-03T15:44:13.307119+00:00
[2022-09-04T15:44:30.660+0000] {subprocess.py:62} INFO - Tmp dir root location: 
 /tmp
[2022-09-04T15:44:30.662+0000] {subprocess.py:74} INFO - Running command: ['/bin/bash', '-c', '\n\n    echo "2022-09-03"\n    echo "2022-09-10"\n\n    echo "2022-09-03"\n    echo "2022-09-10"\n\n    echo "2022-09-03"\n    echo "2022-09-10"\n\n    echo "2022-09-03"\n    echo "2022-09-10"\n\n    echo "2022-09-03"\n    echo "2022-09-10"\n']
[2022-09-04T15:44:30.671+0000] {subprocess.py:85} INFO - Output:
[2022-09-04T15:44:30.674+0000] {subprocess.py:92} INFO - 2022-09-03
[2022-09-04T15:44:30.675+0000] {subprocess.py:92} INFO - 2022-09-10
[2022-09-04T15:44:30.676+0000] {subprocess.py:92} INFO - 2022-09-03
[2022-09-04T15:44:30.676+0000] {subprocess.py:92} INFO - 2022-09-10
[2022-09-04T15:44:30.677+0000] {subprocess.py:92} INFO - 2022-09-03
[2022-09-04T15:44:30.678+0000] {subprocess.py:92} INFO - 2022-09-10
[2022-09-04T15:44:30.679+0000] {subprocess.py:92} INFO - 2022-09-03
[2022-09-04T15:44:30.680+0000] {subprocess.py:92} INFO - 2022-09-10
[2022-09-04T15:44:30.681+0000] {subprocess.py:92} INFO - 2022-09-03
[2022-09-04T15:44:30.682+0000] {subprocess.py:92} INFO - 2022-09-10
[2022-09-04T15:44:30.683+0000] {subprocess.py:96} INFO - Command exited with return code 0
[2022-09-04T15:44:30.702+0000] {taskinstance.py:1412} INFO - Marking task as SUCCESS. dag_id=tutorial, task_id=templated, execution_date=20220903T154413, start_date=20220904T154430, end_date=20220904T154430
[2022-09-04T15:44:30.738+0000] {local_task_job.py:156} INFO - Task exited with return code 0
[2022-09-04T15:44:30.761+0000] {local_task_job.py:279} INFO - 0 downstream tasks scheduled from follow-on schedule check
