[2022-09-04T16:48:00.542+0000] {taskinstance.py:1171} INFO - Dependencies all met for <TaskInstance: first_airflow_dag.get_datetime scheduled__2022-09-04T16:47:00+00:00 [queued]>
[2022-09-04T16:48:00.548+0000] {taskinstance.py:1171} INFO - Dependencies all met for <TaskInstance: first_airflow_dag.get_datetime scheduled__2022-09-04T16:47:00+00:00 [queued]>
[2022-09-04T16:48:00.548+0000] {taskinstance.py:1368} INFO - 
--------------------------------------------------------------------------------
[2022-09-04T16:48:00.549+0000] {taskinstance.py:1369} INFO - Starting attempt 1 of 1
[2022-09-04T16:48:00.550+0000] {taskinstance.py:1370} INFO - 
--------------------------------------------------------------------------------
[2022-09-04T16:48:00.558+0000] {taskinstance.py:1389} INFO - Executing <Task(BashOperator): get_datetime> on 2022-09-04 16:47:00+00:00
[2022-09-04T16:48:00.563+0000] {standard_task_runner.py:52} INFO - Started process 450 to run task
[2022-09-04T16:48:00.565+0000] {standard_task_runner.py:79} INFO - Running: ['***', 'tasks', 'run', 'first_***_dag', 'get_datetime', 'scheduled__2022-09-04T16:47:00+00:00', '--job-id', '27', '--raw', '--subdir', 'DAGS_FOLDER/first_dag.py', '--cfg-path', '/tmp/tmp9yctgf77', '--error-file', '/tmp/tmp2iy3v6x5']
[2022-09-04T16:48:00.567+0000] {standard_task_runner.py:80} INFO - Job 27: Subtask get_datetime
[2022-09-04T16:48:00.610+0000] {task_command.py:371} INFO - Running <TaskInstance: first_airflow_dag.get_datetime scheduled__2022-09-04T16:47:00+00:00 [running]> on host a8d8517a6bff
[2022-09-04T16:48:00.650+0000] {taskinstance.py:1583} INFO - Exporting the following env vars:
AIRFLOW_CTX_DAG_OWNER=***
AIRFLOW_CTX_DAG_ID=first_***_dag
AIRFLOW_CTX_TASK_ID=get_datetime
AIRFLOW_CTX_EXECUTION_DATE=2022-09-04T16:47:00+00:00
AIRFLOW_CTX_TRY_NUMBER=1
AIRFLOW_CTX_DAG_RUN_ID=scheduled__2022-09-04T16:47:00+00:00
[2022-09-04T16:48:00.652+0000] {subprocess.py:62} INFO - Tmp dir root location: 
 /tmp
[2022-09-04T16:48:00.653+0000] {subprocess.py:74} INFO - Running command: ['/bin/bash', '-c', 'date']
[2022-09-04T16:48:00.665+0000] {subprocess.py:85} INFO - Output:
[2022-09-04T16:48:00.667+0000] {subprocess.py:92} INFO - Sun Sep  4 16:48:00 UTC 2022
[2022-09-04T16:48:00.668+0000] {subprocess.py:96} INFO - Command exited with return code 0
[2022-09-04T16:48:00.687+0000] {taskinstance.py:1412} INFO - Marking task as SUCCESS. dag_id=first_***_dag, task_id=get_datetime, execution_date=20220904T164700, start_date=20220904T164800, end_date=20220904T164800
[2022-09-04T16:48:00.737+0000] {local_task_job.py:156} INFO - Task exited with return code 0
[2022-09-04T16:48:00.766+0000] {local_task_job.py:279} INFO - 1 downstream tasks scheduled from follow-on schedule check
