[2022-09-04T16:56:02.948+0000] {taskinstance.py:1171} INFO - Dependencies all met for <TaskInstance: first_airflow_dag.save_datetime scheduled__2022-09-04T16:55:00+00:00 [queued]>
[2022-09-04T16:56:02.956+0000] {taskinstance.py:1171} INFO - Dependencies all met for <TaskInstance: first_airflow_dag.save_datetime scheduled__2022-09-04T16:55:00+00:00 [queued]>
[2022-09-04T16:56:02.957+0000] {taskinstance.py:1368} INFO - 
--------------------------------------------------------------------------------
[2022-09-04T16:56:02.958+0000] {taskinstance.py:1369} INFO - Starting attempt 1 of 1
[2022-09-04T16:56:02.960+0000] {taskinstance.py:1370} INFO - 
--------------------------------------------------------------------------------
[2022-09-04T16:56:02.968+0000] {taskinstance.py:1389} INFO - Executing <Task(PythonOperator): save_datetime> on 2022-09-04 16:55:00+00:00
[2022-09-04T16:56:02.974+0000] {standard_task_runner.py:52} INFO - Started process 314 to run task
[2022-09-04T16:56:02.976+0000] {standard_task_runner.py:79} INFO - Running: ['***', 'tasks', 'run', 'first_***_dag', 'save_datetime', 'scheduled__2022-09-04T16:55:00+00:00', '--job-id', '55', '--raw', '--subdir', 'DAGS_FOLDER/first_dag.py', '--cfg-path', '/tmp/tmpxrq04cfx', '--error-file', '/tmp/tmpxy0sdey2']
[2022-09-04T16:56:02.978+0000] {standard_task_runner.py:80} INFO - Job 55: Subtask save_datetime
[2022-09-04T16:56:03.024+0000] {task_command.py:371} INFO - Running <TaskInstance: first_airflow_dag.save_datetime scheduled__2022-09-04T16:55:00+00:00 [running]> on host 16715446b510
[2022-09-04T16:56:03.064+0000] {taskinstance.py:1583} INFO - Exporting the following env vars:
AIRFLOW_CTX_DAG_OWNER=***
AIRFLOW_CTX_DAG_ID=first_***_dag
AIRFLOW_CTX_TASK_ID=save_datetime
AIRFLOW_CTX_EXECUTION_DATE=2022-09-04T16:55:00+00:00
AIRFLOW_CTX_TRY_NUMBER=1
AIRFLOW_CTX_DAG_RUN_ID=scheduled__2022-09-04T16:55:00+00:00
[2022-09-04T16:56:03.073+0000] {logging_mixin.py:115} INFO - [{'year': 2022, 'month': 'Sep', 'day': 4, 'time': '16:56:00', 'day_of_week': 'Sun'}]
[2022-09-04T16:56:03.081+0000] {logging_mixin.py:115} INFO - /opt/***/plugins/datetimes.csv
[2022-09-04T16:56:03.088+0000] {logging_mixin.py:115} INFO -    year month  day      time day_of_week
0  2022   Sep    4  16:56:00         Sun
[2022-09-04T16:56:03.089+0000] {logging_mixin.py:115} INFO - True
[2022-09-04T16:56:03.093+0000] {python.py:173} INFO - Done. Returned value was: None
[2022-09-04T16:56:03.102+0000] {taskinstance.py:1412} INFO - Marking task as SUCCESS. dag_id=first_***_dag, task_id=save_datetime, execution_date=20220904T165500, start_date=20220904T165602, end_date=20220904T165603
[2022-09-04T16:56:03.151+0000] {local_task_job.py:156} INFO - Task exited with return code 0
[2022-09-04T16:56:03.173+0000] {local_task_job.py:279} INFO - 0 downstream tasks scheduled from follow-on schedule check
