[2022-09-04T15:44:29.163+0000] {taskinstance.py:1171} INFO - Dependencies all met for <TaskInstance: tutorial.print_date scheduled__2022-09-03T15:44:13.307119+00:00 [queued]>
[2022-09-04T15:44:29.172+0000] {taskinstance.py:1171} INFO - Dependencies all met for <TaskInstance: tutorial.print_date scheduled__2022-09-03T15:44:13.307119+00:00 [queued]>
[2022-09-04T15:44:29.173+0000] {taskinstance.py:1368} INFO - 
--------------------------------------------------------------------------------
[2022-09-04T15:44:29.174+0000] {taskinstance.py:1369} INFO - Starting attempt 1 of 2
[2022-09-04T15:44:29.174+0000] {taskinstance.py:1370} INFO - 
--------------------------------------------------------------------------------
[2022-09-04T15:44:29.182+0000] {taskinstance.py:1389} INFO - Executing <Task(BashOperator): print_date> on 2022-09-03 15:44:13.307119+00:00
[2022-09-04T15:44:29.187+0000] {standard_task_runner.py:52} INFO - Started process 1170 to run task
[2022-09-04T15:44:29.191+0000] {standard_task_runner.py:79} INFO - Running: ['***', 'tasks', 'run', 'tutorial', 'print_date', 'scheduled__2022-09-03T15:44:13.307119+00:00', '--job-id', '20', '--raw', '--subdir', 'DAGS_FOLDER/tutorial.py', '--cfg-path', '/tmp/tmp7e7yefdn', '--error-file', '/tmp/tmp3yjdgclr']
[2022-09-04T15:44:29.193+0000] {standard_task_runner.py:80} INFO - Job 20: Subtask print_date
[2022-09-04T15:44:29.234+0000] {task_command.py:371} INFO - Running <TaskInstance: tutorial.print_date scheduled__2022-09-03T15:44:13.307119+00:00 [running]> on host c56acb3a0493
[2022-09-04T15:44:29.275+0000] {taskinstance.py:1583} INFO - Exporting the following env vars:
AIRFLOW_CTX_DAG_EMAIL=***@example.com
AIRFLOW_CTX_DAG_OWNER=***
AIRFLOW_CTX_DAG_ID=tutorial
AIRFLOW_CTX_TASK_ID=print_date
AIRFLOW_CTX_EXECUTION_DATE=2022-09-03T15:44:13.307119+00:00
AIRFLOW_CTX_TRY_NUMBER=1
AIRFLOW_CTX_DAG_RUN_ID=scheduled__2022-09-03T15:44:13.307119+00:00
[2022-09-04T15:44:29.277+0000] {subprocess.py:62} INFO - Tmp dir root location: 
 /tmp
[2022-09-04T15:44:29.278+0000] {subprocess.py:74} INFO - Running command: ['/bin/bash', '-c', 'date']
[2022-09-04T15:44:29.288+0000] {subprocess.py:85} INFO - Output:
[2022-09-04T15:44:29.291+0000] {subprocess.py:92} INFO - Sun Sep  4 15:44:29 UTC 2022
[2022-09-04T15:44:29.293+0000] {subprocess.py:96} INFO - Command exited with return code 0
[2022-09-04T15:44:29.313+0000] {taskinstance.py:1412} INFO - Marking task as SUCCESS. dag_id=tutorial, task_id=print_date, execution_date=20220903T154413, start_date=20220904T154429, end_date=20220904T154429
[2022-09-04T15:44:29.368+0000] {local_task_job.py:156} INFO - Task exited with return code 0
[2022-09-04T15:44:29.393+0000] {local_task_job.py:279} INFO - 2 downstream tasks scheduled from follow-on schedule check
