[2022-09-04T16:52:52.121+0000] {taskinstance.py:1171} INFO - Dependencies all met for <TaskInstance: first_airflow_dag.save_datetime manual__2022-09-04T16:52:49.268244+00:00 [queued]>
[2022-09-04T16:52:52.127+0000] {taskinstance.py:1171} INFO - Dependencies all met for <TaskInstance: first_airflow_dag.save_datetime manual__2022-09-04T16:52:49.268244+00:00 [queued]>
[2022-09-04T16:52:52.128+0000] {taskinstance.py:1368} INFO - 
--------------------------------------------------------------------------------
[2022-09-04T16:52:52.129+0000] {taskinstance.py:1369} INFO - Starting attempt 1 of 1
[2022-09-04T16:52:52.130+0000] {taskinstance.py:1370} INFO - 
--------------------------------------------------------------------------------
[2022-09-04T16:52:52.138+0000] {taskinstance.py:1389} INFO - Executing <Task(PythonOperator): save_datetime> on 2022-09-04 16:52:49.268244+00:00
[2022-09-04T16:52:52.142+0000] {standard_task_runner.py:52} INFO - Started process 110 to run task
[2022-09-04T16:52:52.145+0000] {standard_task_runner.py:79} INFO - Running: ['***', 'tasks', 'run', 'first_***_dag', 'save_datetime', 'manual__2022-09-04T16:52:49.268244+00:00', '--job-id', '43', '--raw', '--subdir', 'DAGS_FOLDER/first_dag.py', '--cfg-path', '/tmp/tmp2_54wlx2', '--error-file', '/tmp/tmp0rxf218k']
[2022-09-04T16:52:52.147+0000] {standard_task_runner.py:80} INFO - Job 43: Subtask save_datetime
[2022-09-04T16:52:52.188+0000] {task_command.py:371} INFO - Running <TaskInstance: first_airflow_dag.save_datetime manual__2022-09-04T16:52:49.268244+00:00 [running]> on host 16715446b510
[2022-09-04T16:52:52.227+0000] {taskinstance.py:1583} INFO - Exporting the following env vars:
AIRFLOW_CTX_DAG_OWNER=***
AIRFLOW_CTX_DAG_ID=first_***_dag
AIRFLOW_CTX_TASK_ID=save_datetime
AIRFLOW_CTX_EXECUTION_DATE=2022-09-04T16:52:49.268244+00:00
AIRFLOW_CTX_TRY_NUMBER=1
AIRFLOW_CTX_DAG_RUN_ID=manual__2022-09-04T16:52:49.268244+00:00
[2022-09-04T16:52:52.235+0000] {logging_mixin.py:115} INFO - [{'year': 2022, 'month': 'Sep', 'day': 4, 'time': '16:52:50', 'day_of_week': 'Sun'}]
[2022-09-04T16:52:52.242+0000] {logging_mixin.py:115} INFO - /opt/***/plugins/datetimes.csv
[2022-09-04T16:52:52.249+0000] {logging_mixin.py:115} INFO -    year month  day      time day_of_week
0  2022   Sep    4  16:52:50         Sun
[2022-09-04T16:52:52.252+0000] {logging_mixin.py:115} INFO - False
[2022-09-04T16:52:52.258+0000] {python.py:173} INFO - Done. Returned value was: None
[2022-09-04T16:52:52.267+0000] {taskinstance.py:1412} INFO - Marking task as SUCCESS. dag_id=first_***_dag, task_id=save_datetime, execution_date=20220904T165249, start_date=20220904T165252, end_date=20220904T165252
[2022-09-04T16:52:52.319+0000] {local_task_job.py:156} INFO - Task exited with return code 0
[2022-09-04T16:52:52.340+0000] {local_task_job.py:279} INFO - 0 downstream tasks scheduled from follow-on schedule check
