[2022-09-04T15:44:30.447+0000] {taskinstance.py:1171} INFO - Dependencies all met for <TaskInstance: tutorial.templated manual__2022-09-04T15:44:28.115786+00:00 [queued]>
[2022-09-04T15:44:30.456+0000] {taskinstance.py:1171} INFO - Dependencies all met for <TaskInstance: tutorial.templated manual__2022-09-04T15:44:28.115786+00:00 [queued]>
[2022-09-04T15:44:30.458+0000] {taskinstance.py:1368} INFO - 
--------------------------------------------------------------------------------
[2022-09-04T15:44:30.459+0000] {taskinstance.py:1369} INFO - Starting attempt 1 of 2
[2022-09-04T15:44:30.460+0000] {taskinstance.py:1370} INFO - 
--------------------------------------------------------------------------------
[2022-09-04T15:44:30.471+0000] {taskinstance.py:1389} INFO - Executing <Task(BashOperator): templated> on 2022-09-04 15:44:28.115786+00:00
[2022-09-04T15:44:30.478+0000] {standard_task_runner.py:52} INFO - Started process 1179 to run task
[2022-09-04T15:44:30.484+0000] {standard_task_runner.py:79} INFO - Running: ['***', 'tasks', 'run', 'tutorial', 'templated', 'manual__2022-09-04T15:44:28.115786+00:00', '--job-id', '23', '--raw', '--subdir', 'DAGS_FOLDER/tutorial.py', '--cfg-path', '/tmp/tmp27hrrhx6', '--error-file', '/tmp/tmpt1um051l']
[2022-09-04T15:44:30.486+0000] {standard_task_runner.py:80} INFO - Job 23: Subtask templated
[2022-09-04T15:44:30.576+0000] {task_command.py:371} INFO - Running <TaskInstance: tutorial.templated manual__2022-09-04T15:44:28.115786+00:00 [running]> on host c56acb3a0493
[2022-09-04T15:44:30.642+0000] {taskinstance.py:1583} INFO - Exporting the following env vars:
AIRFLOW_CTX_DAG_EMAIL=***@example.com
AIRFLOW_CTX_DAG_OWNER=***
AIRFLOW_CTX_DAG_ID=tutorial
AIRFLOW_CTX_TASK_ID=templated
AIRFLOW_CTX_EXECUTION_DATE=2022-09-04T15:44:28.115786+00:00
AIRFLOW_CTX_TRY_NUMBER=1
AIRFLOW_CTX_DAG_RUN_ID=manual__2022-09-04T15:44:28.115786+00:00
[2022-09-04T15:44:30.644+0000] {subprocess.py:62} INFO - Tmp dir root location: 
 /tmp
[2022-09-04T15:44:30.646+0000] {subprocess.py:74} INFO - Running command: ['/bin/bash', '-c', '\n\n    echo "2022-09-04"\n    echo "2022-09-11"\n\n    echo "2022-09-04"\n    echo "2022-09-11"\n\n    echo "2022-09-04"\n    echo "2022-09-11"\n\n    echo "2022-09-04"\n    echo "2022-09-11"\n\n    echo "2022-09-04"\n    echo "2022-09-11"\n']
[2022-09-04T15:44:30.656+0000] {subprocess.py:85} INFO - Output:
[2022-09-04T15:44:30.658+0000] {subprocess.py:92} INFO - 2022-09-04
[2022-09-04T15:44:30.659+0000] {subprocess.py:92} INFO - 2022-09-11
[2022-09-04T15:44:30.660+0000] {subprocess.py:92} INFO - 2022-09-04
[2022-09-04T15:44:30.661+0000] {subprocess.py:92} INFO - 2022-09-11
[2022-09-04T15:44:30.663+0000] {subprocess.py:92} INFO - 2022-09-04
[2022-09-04T15:44:30.664+0000] {subprocess.py:92} INFO - 2022-09-11
[2022-09-04T15:44:30.665+0000] {subprocess.py:92} INFO - 2022-09-04
[2022-09-04T15:44:30.666+0000] {subprocess.py:92} INFO - 2022-09-11
[2022-09-04T15:44:30.667+0000] {subprocess.py:92} INFO - 2022-09-04
[2022-09-04T15:44:30.667+0000] {subprocess.py:92} INFO - 2022-09-11
[2022-09-04T15:44:30.669+0000] {subprocess.py:96} INFO - Command exited with return code 0
[2022-09-04T15:44:30.694+0000] {taskinstance.py:1412} INFO - Marking task as SUCCESS. dag_id=tutorial, task_id=templated, execution_date=20220904T154428, start_date=20220904T154430, end_date=20220904T154430
[2022-09-04T15:44:30.740+0000] {local_task_job.py:156} INFO - Task exited with return code 0
[2022-09-04T15:44:30.759+0000] {local_task_job.py:279} INFO - 0 downstream tasks scheduled from follow-on schedule check
