[2022-09-04T15:43:06.099+0000] {processor.py:153} INFO - Started process (PID=2400) to work on /opt/airflow/dags/tutorial.py
[2022-09-04T15:43:06.101+0000] {processor.py:640} INFO - Processing file /opt/airflow/dags/tutorial.py for tasks to queue
[2022-09-04T15:43:06.102+0000] {logging_mixin.py:115} INFO - [2022-09-04T15:43:06.102+0000] {dagbag.py:508} INFO - Filling up the DagBag from /opt/airflow/dags/tutorial.py
[2022-09-04T15:43:06.121+0000] {processor.py:650} INFO - DAG(s) dict_keys(['tutorial']) retrieved from /opt/airflow/dags/tutorial.py
[2022-09-04T15:43:06.160+0000] {logging_mixin.py:115} INFO - [2022-09-04T15:43:06.160+0000] {dag.py:2429} INFO - Sync 1 DAGs
[2022-09-04T15:43:06.171+0000] {logging_mixin.py:115} INFO - [2022-09-04T15:43:06.171+0000] {dag.py:2981} INFO - Setting next_dagrun for tutorial to 2022-09-03T15:43:06.171322+00:00, run_after=2022-09-04T15:43:06.171322+00:00
[2022-09-04T15:43:06.182+0000] {processor.py:161} INFO - Processing /opt/airflow/dags/tutorial.py took 0.085 seconds
[2022-09-04T15:43:24.285+0000] {processor.py:153} INFO - Started process (PID=2410) to work on /opt/airflow/dags/tutorial.py
[2022-09-04T15:43:24.288+0000] {processor.py:640} INFO - Processing file /opt/airflow/dags/tutorial.py for tasks to queue
[2022-09-04T15:43:24.289+0000] {logging_mixin.py:115} INFO - [2022-09-04T15:43:24.289+0000] {dagbag.py:508} INFO - Filling up the DagBag from /opt/airflow/dags/tutorial.py
[2022-09-04T15:43:24.312+0000] {processor.py:650} INFO - DAG(s) dict_keys(['tutorial']) retrieved from /opt/airflow/dags/tutorial.py
[2022-09-04T15:43:24.322+0000] {logging_mixin.py:115} INFO - [2022-09-04T15:43:24.322+0000] {dag.py:2429} INFO - Sync 1 DAGs
[2022-09-04T15:43:24.335+0000] {logging_mixin.py:115} INFO - [2022-09-04T15:43:24.335+0000] {dag.py:2981} INFO - Setting next_dagrun for tutorial to 2022-09-03T15:43:24.335190+00:00, run_after=2022-09-04T15:43:24.335190+00:00
[2022-09-04T15:43:24.345+0000] {processor.py:161} INFO - Processing /opt/airflow/dags/tutorial.py took 0.064 seconds
[2022-09-04T15:43:41.281+0000] {processor.py:153} INFO - Started process (PID=2462) to work on /opt/airflow/dags/tutorial.py
[2022-09-04T15:43:41.284+0000] {processor.py:640} INFO - Processing file /opt/airflow/dags/tutorial.py for tasks to queue
[2022-09-04T15:43:41.286+0000] {logging_mixin.py:115} INFO - [2022-09-04T15:43:41.286+0000] {dagbag.py:508} INFO - Filling up the DagBag from /opt/airflow/dags/tutorial.py
[2022-09-04T15:43:41.311+0000] {processor.py:650} INFO - DAG(s) dict_keys(['tutorial']) retrieved from /opt/airflow/dags/tutorial.py
[2022-09-04T15:43:41.351+0000] {logging_mixin.py:115} INFO - [2022-09-04T15:43:41.351+0000] {dag.py:2429} INFO - Sync 1 DAGs
[2022-09-04T15:43:41.364+0000] {logging_mixin.py:115} INFO - [2022-09-04T15:43:41.364+0000] {dag.py:2981} INFO - Setting next_dagrun for tutorial to 2022-09-03T15:43:41.364005+00:00, run_after=2022-09-04T15:43:41.364005+00:00
[2022-09-04T15:43:41.377+0000] {processor.py:161} INFO - Processing /opt/airflow/dags/tutorial.py took 0.101 seconds
[2022-09-04T15:43:42.280+0000] {processor.py:153} INFO - Started process (PID=2463) to work on /opt/airflow/dags/tutorial.py
[2022-09-04T15:43:42.282+0000] {processor.py:640} INFO - Processing file /opt/airflow/dags/tutorial.py for tasks to queue
[2022-09-04T15:43:42.283+0000] {logging_mixin.py:115} INFO - [2022-09-04T15:43:42.283+0000] {dagbag.py:508} INFO - Filling up the DagBag from /opt/airflow/dags/tutorial.py
[2022-09-04T15:43:42.300+0000] {processor.py:650} INFO - DAG(s) dict_keys(['tutorial']) retrieved from /opt/airflow/dags/tutorial.py
[2022-09-04T15:43:42.311+0000] {logging_mixin.py:115} INFO - [2022-09-04T15:43:42.311+0000] {dag.py:2429} INFO - Sync 1 DAGs
[2022-09-04T15:43:42.325+0000] {logging_mixin.py:115} INFO - [2022-09-04T15:43:42.324+0000] {dag.py:2981} INFO - Setting next_dagrun for tutorial to 2022-09-03T15:43:42.324787+00:00, run_after=2022-09-04T15:43:42.324787+00:00
[2022-09-04T15:43:42.337+0000] {processor.py:161} INFO - Processing /opt/airflow/dags/tutorial.py took 0.059 seconds
[2022-09-04T15:44:13.229+0000] {processor.py:153} INFO - Started process (PID=2523) to work on /opt/airflow/dags/tutorial.py
[2022-09-04T15:44:13.234+0000] {processor.py:640} INFO - Processing file /opt/airflow/dags/tutorial.py for tasks to queue
[2022-09-04T15:44:13.237+0000] {logging_mixin.py:115} INFO - [2022-09-04T15:44:13.237+0000] {dagbag.py:508} INFO - Filling up the DagBag from /opt/airflow/dags/tutorial.py
[2022-09-04T15:44:13.257+0000] {processor.py:650} INFO - DAG(s) dict_keys(['tutorial']) retrieved from /opt/airflow/dags/tutorial.py
[2022-09-04T15:44:13.295+0000] {logging_mixin.py:115} INFO - [2022-09-04T15:44:13.295+0000] {dag.py:2429} INFO - Sync 1 DAGs
[2022-09-04T15:44:13.307+0000] {logging_mixin.py:115} INFO - [2022-09-04T15:44:13.307+0000] {dag.py:2981} INFO - Setting next_dagrun for tutorial to 2022-09-03T15:44:13.307119+00:00, run_after=2022-09-04T15:44:13.307119+00:00
[2022-09-04T15:44:13.316+0000] {processor.py:161} INFO - Processing /opt/airflow/dags/tutorial.py took 0.093 seconds
[2022-09-04T15:44:43.907+0000] {processor.py:153} INFO - Started process (PID=2592) to work on /opt/airflow/dags/tutorial.py
[2022-09-04T15:44:43.908+0000] {processor.py:640} INFO - Processing file /opt/airflow/dags/tutorial.py for tasks to queue
[2022-09-04T15:44:43.909+0000] {logging_mixin.py:115} INFO - [2022-09-04T15:44:43.909+0000] {dagbag.py:508} INFO - Filling up the DagBag from /opt/airflow/dags/tutorial.py
[2022-09-04T15:44:43.917+0000] {processor.py:650} INFO - DAG(s) dict_keys(['tutorial']) retrieved from /opt/airflow/dags/tutorial.py
[2022-09-04T15:44:43.933+0000] {logging_mixin.py:115} INFO - [2022-09-04T15:44:43.933+0000] {dag.py:2429} INFO - Sync 1 DAGs
[2022-09-04T15:44:43.946+0000] {logging_mixin.py:115} INFO - [2022-09-04T15:44:43.946+0000] {dag.py:2981} INFO - Setting next_dagrun for tutorial to 2022-09-04T15:44:13.307119+00:00, run_after=2022-09-05T15:44:13.307119+00:00
[2022-09-04T15:44:43.955+0000] {processor.py:161} INFO - Processing /opt/airflow/dags/tutorial.py took 0.051 seconds
[2022-09-04T15:45:14.701+0000] {processor.py:153} INFO - Started process (PID=2646) to work on /opt/airflow/dags/tutorial.py
[2022-09-04T15:45:14.706+0000] {processor.py:640} INFO - Processing file /opt/airflow/dags/tutorial.py for tasks to queue
[2022-09-04T15:45:14.708+0000] {logging_mixin.py:115} INFO - [2022-09-04T15:45:14.708+0000] {dagbag.py:508} INFO - Filling up the DagBag from /opt/airflow/dags/tutorial.py
[2022-09-04T15:45:14.719+0000] {processor.py:650} INFO - DAG(s) dict_keys(['tutorial']) retrieved from /opt/airflow/dags/tutorial.py
[2022-09-04T15:45:14.732+0000] {logging_mixin.py:115} INFO - [2022-09-04T15:45:14.732+0000] {dag.py:2429} INFO - Sync 1 DAGs
[2022-09-04T15:45:14.750+0000] {logging_mixin.py:115} INFO - [2022-09-04T15:45:14.750+0000] {dag.py:2981} INFO - Setting next_dagrun for tutorial to 2022-09-04T15:44:13.307119+00:00, run_after=2022-09-05T15:44:13.307119+00:00
[2022-09-04T15:45:14.762+0000] {processor.py:161} INFO - Processing /opt/airflow/dags/tutorial.py took 0.066 seconds
[2022-09-04T15:45:45.605+0000] {processor.py:153} INFO - Started process (PID=2706) to work on /opt/airflow/dags/tutorial.py
[2022-09-04T15:45:45.608+0000] {processor.py:640} INFO - Processing file /opt/airflow/dags/tutorial.py for tasks to queue
[2022-09-04T15:45:45.611+0000] {logging_mixin.py:115} INFO - [2022-09-04T15:45:45.611+0000] {dagbag.py:508} INFO - Filling up the DagBag from /opt/airflow/dags/tutorial.py
[2022-09-04T15:45:45.626+0000] {processor.py:650} INFO - DAG(s) dict_keys(['tutorial']) retrieved from /opt/airflow/dags/tutorial.py
[2022-09-04T15:45:45.665+0000] {logging_mixin.py:115} INFO - [2022-09-04T15:45:45.665+0000] {dag.py:2429} INFO - Sync 1 DAGs
[2022-09-04T15:45:45.677+0000] {logging_mixin.py:115} INFO - [2022-09-04T15:45:45.677+0000] {dag.py:2981} INFO - Setting next_dagrun for tutorial to 2022-09-04T15:44:13.307119+00:00, run_after=2022-09-05T15:44:13.307119+00:00
[2022-09-04T15:45:45.686+0000] {processor.py:161} INFO - Processing /opt/airflow/dags/tutorial.py took 0.088 seconds
[2022-09-04T15:46:16.298+0000] {processor.py:153} INFO - Started process (PID=2768) to work on /opt/airflow/dags/tutorial.py
[2022-09-04T15:46:16.302+0000] {processor.py:640} INFO - Processing file /opt/airflow/dags/tutorial.py for tasks to queue
[2022-09-04T15:46:16.304+0000] {logging_mixin.py:115} INFO - [2022-09-04T15:46:16.304+0000] {dagbag.py:508} INFO - Filling up the DagBag from /opt/airflow/dags/tutorial.py
[2022-09-04T15:46:16.317+0000] {processor.py:650} INFO - DAG(s) dict_keys(['tutorial']) retrieved from /opt/airflow/dags/tutorial.py
[2022-09-04T15:46:16.335+0000] {logging_mixin.py:115} INFO - [2022-09-04T15:46:16.335+0000] {dag.py:2429} INFO - Sync 1 DAGs
[2022-09-04T15:46:16.348+0000] {logging_mixin.py:115} INFO - [2022-09-04T15:46:16.347+0000] {dag.py:2981} INFO - Setting next_dagrun for tutorial to 2022-09-04T15:44:13.307119+00:00, run_after=2022-09-05T15:44:13.307119+00:00
[2022-09-04T15:46:16.356+0000] {processor.py:161} INFO - Processing /opt/airflow/dags/tutorial.py took 0.063 seconds
[2022-09-04T15:46:47.052+0000] {processor.py:153} INFO - Started process (PID=2831) to work on /opt/airflow/dags/tutorial.py
[2022-09-04T15:46:47.054+0000] {processor.py:640} INFO - Processing file /opt/airflow/dags/tutorial.py for tasks to queue
[2022-09-04T15:46:47.056+0000] {logging_mixin.py:115} INFO - [2022-09-04T15:46:47.055+0000] {dagbag.py:508} INFO - Filling up the DagBag from /opt/airflow/dags/tutorial.py
[2022-09-04T15:46:47.063+0000] {processor.py:650} INFO - DAG(s) dict_keys(['tutorial']) retrieved from /opt/airflow/dags/tutorial.py
[2022-09-04T15:46:47.074+0000] {logging_mixin.py:115} INFO - [2022-09-04T15:46:47.074+0000] {dag.py:2429} INFO - Sync 1 DAGs
[2022-09-04T15:46:47.088+0000] {logging_mixin.py:115} INFO - [2022-09-04T15:46:47.088+0000] {dag.py:2981} INFO - Setting next_dagrun for tutorial to 2022-09-04T15:44:13.307119+00:00, run_after=2022-09-05T15:44:13.307119+00:00
[2022-09-04T15:46:47.097+0000] {processor.py:161} INFO - Processing /opt/airflow/dags/tutorial.py took 0.047 seconds
[2022-09-04T15:47:17.919+0000] {processor.py:153} INFO - Started process (PID=2892) to work on /opt/airflow/dags/tutorial.py
[2022-09-04T15:47:17.921+0000] {processor.py:640} INFO - Processing file /opt/airflow/dags/tutorial.py for tasks to queue
[2022-09-04T15:47:17.923+0000] {logging_mixin.py:115} INFO - [2022-09-04T15:47:17.922+0000] {dagbag.py:508} INFO - Filling up the DagBag from /opt/airflow/dags/tutorial.py
[2022-09-04T15:47:17.934+0000] {processor.py:650} INFO - DAG(s) dict_keys(['tutorial']) retrieved from /opt/airflow/dags/tutorial.py
[2022-09-04T15:47:17.975+0000] {logging_mixin.py:115} INFO - [2022-09-04T15:47:17.974+0000] {dag.py:2429} INFO - Sync 1 DAGs
[2022-09-04T15:47:17.987+0000] {logging_mixin.py:115} INFO - [2022-09-04T15:47:17.987+0000] {dag.py:2981} INFO - Setting next_dagrun for tutorial to 2022-09-04T15:44:13.307119+00:00, run_after=2022-09-05T15:44:13.307119+00:00
[2022-09-04T15:47:17.998+0000] {processor.py:161} INFO - Processing /opt/airflow/dags/tutorial.py took 0.083 seconds
[2022-09-04T15:47:48.671+0000] {processor.py:153} INFO - Started process (PID=2954) to work on /opt/airflow/dags/tutorial.py
[2022-09-04T15:47:48.673+0000] {processor.py:640} INFO - Processing file /opt/airflow/dags/tutorial.py for tasks to queue
[2022-09-04T15:47:48.675+0000] {logging_mixin.py:115} INFO - [2022-09-04T15:47:48.674+0000] {dagbag.py:508} INFO - Filling up the DagBag from /opt/airflow/dags/tutorial.py
[2022-09-04T15:47:48.684+0000] {processor.py:650} INFO - DAG(s) dict_keys(['tutorial']) retrieved from /opt/airflow/dags/tutorial.py
[2022-09-04T15:47:48.702+0000] {logging_mixin.py:115} INFO - [2022-09-04T15:47:48.702+0000] {dag.py:2429} INFO - Sync 1 DAGs
[2022-09-04T15:47:48.714+0000] {logging_mixin.py:115} INFO - [2022-09-04T15:47:48.714+0000] {dag.py:2981} INFO - Setting next_dagrun for tutorial to 2022-09-04T15:44:13.307119+00:00, run_after=2022-09-05T15:44:13.307119+00:00
[2022-09-04T15:47:48.724+0000] {processor.py:161} INFO - Processing /opt/airflow/dags/tutorial.py took 0.057 seconds
[2022-09-04T15:48:19.640+0000] {processor.py:153} INFO - Started process (PID=3016) to work on /opt/airflow/dags/tutorial.py
[2022-09-04T15:48:19.647+0000] {processor.py:640} INFO - Processing file /opt/airflow/dags/tutorial.py for tasks to queue
[2022-09-04T15:48:19.649+0000] {logging_mixin.py:115} INFO - [2022-09-04T15:48:19.649+0000] {dagbag.py:508} INFO - Filling up the DagBag from /opt/airflow/dags/tutorial.py
[2022-09-04T15:48:19.663+0000] {processor.py:650} INFO - DAG(s) dict_keys(['tutorial']) retrieved from /opt/airflow/dags/tutorial.py
[2022-09-04T15:48:19.676+0000] {logging_mixin.py:115} INFO - [2022-09-04T15:48:19.676+0000] {dag.py:2429} INFO - Sync 1 DAGs
[2022-09-04T15:48:19.690+0000] {logging_mixin.py:115} INFO - [2022-09-04T15:48:19.690+0000] {dag.py:2981} INFO - Setting next_dagrun for tutorial to 2022-09-04T15:44:13.307119+00:00, run_after=2022-09-05T15:44:13.307119+00:00
[2022-09-04T15:48:19.699+0000] {processor.py:161} INFO - Processing /opt/airflow/dags/tutorial.py took 0.064 seconds
[2022-09-04T15:48:50.508+0000] {processor.py:153} INFO - Started process (PID=3068) to work on /opt/airflow/dags/tutorial.py
[2022-09-04T15:48:50.512+0000] {processor.py:640} INFO - Processing file /opt/airflow/dags/tutorial.py for tasks to queue
[2022-09-04T15:48:50.515+0000] {logging_mixin.py:115} INFO - [2022-09-04T15:48:50.515+0000] {dagbag.py:508} INFO - Filling up the DagBag from /opt/airflow/dags/tutorial.py
[2022-09-04T15:48:50.533+0000] {processor.py:650} INFO - DAG(s) dict_keys(['tutorial']) retrieved from /opt/airflow/dags/tutorial.py
[2022-09-04T15:48:50.572+0000] {logging_mixin.py:115} INFO - [2022-09-04T15:48:50.572+0000] {dag.py:2429} INFO - Sync 1 DAGs
[2022-09-04T15:48:50.583+0000] {logging_mixin.py:115} INFO - [2022-09-04T15:48:50.583+0000] {dag.py:2981} INFO - Setting next_dagrun for tutorial to 2022-09-04T15:44:13.307119+00:00, run_after=2022-09-05T15:44:13.307119+00:00
[2022-09-04T15:48:50.591+0000] {processor.py:161} INFO - Processing /opt/airflow/dags/tutorial.py took 0.088 seconds
[2022-09-04T15:49:21.218+0000] {processor.py:153} INFO - Started process (PID=3130) to work on /opt/airflow/dags/tutorial.py
[2022-09-04T15:49:21.221+0000] {processor.py:640} INFO - Processing file /opt/airflow/dags/tutorial.py for tasks to queue
[2022-09-04T15:49:21.224+0000] {logging_mixin.py:115} INFO - [2022-09-04T15:49:21.223+0000] {dagbag.py:508} INFO - Filling up the DagBag from /opt/airflow/dags/tutorial.py
[2022-09-04T15:49:21.234+0000] {processor.py:650} INFO - DAG(s) dict_keys(['tutorial']) retrieved from /opt/airflow/dags/tutorial.py
[2022-09-04T15:49:21.254+0000] {logging_mixin.py:115} INFO - [2022-09-04T15:49:21.254+0000] {dag.py:2429} INFO - Sync 1 DAGs
[2022-09-04T15:49:21.267+0000] {logging_mixin.py:115} INFO - [2022-09-04T15:49:21.267+0000] {dag.py:2981} INFO - Setting next_dagrun for tutorial to 2022-09-04T15:44:13.307119+00:00, run_after=2022-09-05T15:44:13.307119+00:00
[2022-09-04T15:49:21.277+0000] {processor.py:161} INFO - Processing /opt/airflow/dags/tutorial.py took 0.064 seconds
[2022-09-04T15:49:52.061+0000] {processor.py:153} INFO - Started process (PID=3193) to work on /opt/airflow/dags/tutorial.py
[2022-09-04T15:49:52.063+0000] {processor.py:640} INFO - Processing file /opt/airflow/dags/tutorial.py for tasks to queue
[2022-09-04T15:49:52.065+0000] {logging_mixin.py:115} INFO - [2022-09-04T15:49:52.064+0000] {dagbag.py:508} INFO - Filling up the DagBag from /opt/airflow/dags/tutorial.py
[2022-09-04T15:49:52.073+0000] {processor.py:650} INFO - DAG(s) dict_keys(['tutorial']) retrieved from /opt/airflow/dags/tutorial.py
[2022-09-04T15:49:52.083+0000] {logging_mixin.py:115} INFO - [2022-09-04T15:49:52.082+0000] {dag.py:2429} INFO - Sync 1 DAGs
[2022-09-04T15:49:52.096+0000] {logging_mixin.py:115} INFO - [2022-09-04T15:49:52.096+0000] {dag.py:2981} INFO - Setting next_dagrun for tutorial to 2022-09-04T15:44:13.307119+00:00, run_after=2022-09-05T15:44:13.307119+00:00
[2022-09-04T15:49:52.106+0000] {processor.py:161} INFO - Processing /opt/airflow/dags/tutorial.py took 0.047 seconds
[2022-09-04T15:50:22.963+0000] {processor.py:153} INFO - Started process (PID=3253) to work on /opt/airflow/dags/tutorial.py
[2022-09-04T15:50:22.969+0000] {processor.py:640} INFO - Processing file /opt/airflow/dags/tutorial.py for tasks to queue
[2022-09-04T15:50:22.971+0000] {logging_mixin.py:115} INFO - [2022-09-04T15:50:22.971+0000] {dagbag.py:508} INFO - Filling up the DagBag from /opt/airflow/dags/tutorial.py
[2022-09-04T15:50:22.989+0000] {processor.py:650} INFO - DAG(s) dict_keys(['tutorial']) retrieved from /opt/airflow/dags/tutorial.py
[2022-09-04T15:50:23.033+0000] {logging_mixin.py:115} INFO - [2022-09-04T15:50:23.033+0000] {dag.py:2429} INFO - Sync 1 DAGs
[2022-09-04T15:50:23.045+0000] {logging_mixin.py:115} INFO - [2022-09-04T15:50:23.044+0000] {dag.py:2981} INFO - Setting next_dagrun for tutorial to 2022-09-04T15:44:13.307119+00:00, run_after=2022-09-05T15:44:13.307119+00:00
[2022-09-04T15:50:23.053+0000] {processor.py:161} INFO - Processing /opt/airflow/dags/tutorial.py took 0.095 seconds
[2022-09-04T15:50:53.739+0000] {processor.py:153} INFO - Started process (PID=3317) to work on /opt/airflow/dags/tutorial.py
[2022-09-04T15:50:53.744+0000] {processor.py:640} INFO - Processing file /opt/airflow/dags/tutorial.py for tasks to queue
[2022-09-04T15:50:53.748+0000] {logging_mixin.py:115} INFO - [2022-09-04T15:50:53.747+0000] {dagbag.py:508} INFO - Filling up the DagBag from /opt/airflow/dags/tutorial.py
[2022-09-04T15:50:53.763+0000] {processor.py:650} INFO - DAG(s) dict_keys(['tutorial']) retrieved from /opt/airflow/dags/tutorial.py
[2022-09-04T15:50:53.785+0000] {logging_mixin.py:115} INFO - [2022-09-04T15:50:53.785+0000] {dag.py:2429} INFO - Sync 1 DAGs
[2022-09-04T15:50:53.799+0000] {logging_mixin.py:115} INFO - [2022-09-04T15:50:53.799+0000] {dag.py:2981} INFO - Setting next_dagrun for tutorial to 2022-09-04T15:44:13.307119+00:00, run_after=2022-09-05T15:44:13.307119+00:00
[2022-09-04T15:50:53.811+0000] {processor.py:161} INFO - Processing /opt/airflow/dags/tutorial.py took 0.078 seconds
[2022-09-04T15:51:24.610+0000] {processor.py:153} INFO - Started process (PID=3380) to work on /opt/airflow/dags/tutorial.py
[2022-09-04T15:51:24.612+0000] {processor.py:640} INFO - Processing file /opt/airflow/dags/tutorial.py for tasks to queue
[2022-09-04T15:51:24.614+0000] {logging_mixin.py:115} INFO - [2022-09-04T15:51:24.613+0000] {dagbag.py:508} INFO - Filling up the DagBag from /opt/airflow/dags/tutorial.py
[2022-09-04T15:51:24.622+0000] {processor.py:650} INFO - DAG(s) dict_keys(['tutorial']) retrieved from /opt/airflow/dags/tutorial.py
[2022-09-04T15:51:24.635+0000] {logging_mixin.py:115} INFO - [2022-09-04T15:51:24.635+0000] {dag.py:2429} INFO - Sync 1 DAGs
[2022-09-04T15:51:24.649+0000] {logging_mixin.py:115} INFO - [2022-09-04T15:51:24.649+0000] {dag.py:2981} INFO - Setting next_dagrun for tutorial to 2022-09-04T15:44:13.307119+00:00, run_after=2022-09-05T15:44:13.307119+00:00
[2022-09-04T15:51:24.658+0000] {processor.py:161} INFO - Processing /opt/airflow/dags/tutorial.py took 0.051 seconds
[2022-09-04T15:51:55.451+0000] {processor.py:153} INFO - Started process (PID=3442) to work on /opt/airflow/dags/tutorial.py
[2022-09-04T15:51:55.452+0000] {processor.py:640} INFO - Processing file /opt/airflow/dags/tutorial.py for tasks to queue
[2022-09-04T15:51:55.454+0000] {logging_mixin.py:115} INFO - [2022-09-04T15:51:55.454+0000] {dagbag.py:508} INFO - Filling up the DagBag from /opt/airflow/dags/tutorial.py
[2022-09-04T15:51:55.463+0000] {processor.py:650} INFO - DAG(s) dict_keys(['tutorial']) retrieved from /opt/airflow/dags/tutorial.py
[2022-09-04T15:51:55.499+0000] {logging_mixin.py:115} INFO - [2022-09-04T15:51:55.499+0000] {dag.py:2429} INFO - Sync 1 DAGs
[2022-09-04T15:51:55.511+0000] {logging_mixin.py:115} INFO - [2022-09-04T15:51:55.511+0000] {dag.py:2981} INFO - Setting next_dagrun for tutorial to 2022-09-04T15:44:13.307119+00:00, run_after=2022-09-05T15:44:13.307119+00:00
[2022-09-04T15:51:55.520+0000] {processor.py:161} INFO - Processing /opt/airflow/dags/tutorial.py took 0.073 seconds
[2022-09-04T15:52:25.602+0000] {processor.py:153} INFO - Started process (PID=3494) to work on /opt/airflow/dags/tutorial.py
[2022-09-04T15:52:25.606+0000] {processor.py:640} INFO - Processing file /opt/airflow/dags/tutorial.py for tasks to queue
[2022-09-04T15:52:25.608+0000] {logging_mixin.py:115} INFO - [2022-09-04T15:52:25.608+0000] {dagbag.py:508} INFO - Filling up the DagBag from /opt/airflow/dags/tutorial.py
[2022-09-04T15:52:25.616+0000] {processor.py:650} INFO - DAG(s) dict_keys(['tutorial']) retrieved from /opt/airflow/dags/tutorial.py
[2022-09-04T15:52:25.635+0000] {logging_mixin.py:115} INFO - [2022-09-04T15:52:25.635+0000] {dag.py:2429} INFO - Sync 1 DAGs
[2022-09-04T15:52:25.650+0000] {logging_mixin.py:115} INFO - [2022-09-04T15:52:25.650+0000] {dag.py:2981} INFO - Setting next_dagrun for tutorial to 2022-09-04T15:44:13.307119+00:00, run_after=2022-09-05T15:44:13.307119+00:00
[2022-09-04T15:52:25.662+0000] {processor.py:161} INFO - Processing /opt/airflow/dags/tutorial.py took 0.062 seconds
[2022-09-04T15:52:56.359+0000] {processor.py:153} INFO - Started process (PID=3556) to work on /opt/airflow/dags/tutorial.py
[2022-09-04T15:52:56.361+0000] {processor.py:640} INFO - Processing file /opt/airflow/dags/tutorial.py for tasks to queue
[2022-09-04T15:52:56.363+0000] {logging_mixin.py:115} INFO - [2022-09-04T15:52:56.363+0000] {dagbag.py:508} INFO - Filling up the DagBag from /opt/airflow/dags/tutorial.py
[2022-09-04T15:52:56.372+0000] {processor.py:650} INFO - DAG(s) dict_keys(['tutorial']) retrieved from /opt/airflow/dags/tutorial.py
[2022-09-04T15:52:56.384+0000] {logging_mixin.py:115} INFO - [2022-09-04T15:52:56.384+0000] {dag.py:2429} INFO - Sync 1 DAGs
[2022-09-04T15:52:56.400+0000] {logging_mixin.py:115} INFO - [2022-09-04T15:52:56.400+0000] {dag.py:2981} INFO - Setting next_dagrun for tutorial to 2022-09-04T15:44:13.307119+00:00, run_after=2022-09-05T15:44:13.307119+00:00
[2022-09-04T15:52:56.410+0000] {processor.py:161} INFO - Processing /opt/airflow/dags/tutorial.py took 0.054 seconds
[2022-09-04T15:53:27.129+0000] {processor.py:153} INFO - Started process (PID=3618) to work on /opt/airflow/dags/tutorial.py
[2022-09-04T15:53:27.130+0000] {processor.py:640} INFO - Processing file /opt/airflow/dags/tutorial.py for tasks to queue
[2022-09-04T15:53:27.132+0000] {logging_mixin.py:115} INFO - [2022-09-04T15:53:27.132+0000] {dagbag.py:508} INFO - Filling up the DagBag from /opt/airflow/dags/tutorial.py
[2022-09-04T15:53:27.141+0000] {processor.py:650} INFO - DAG(s) dict_keys(['tutorial']) retrieved from /opt/airflow/dags/tutorial.py
[2022-09-04T15:53:27.183+0000] {logging_mixin.py:115} INFO - [2022-09-04T15:53:27.183+0000] {dag.py:2429} INFO - Sync 1 DAGs
[2022-09-04T15:53:27.197+0000] {logging_mixin.py:115} INFO - [2022-09-04T15:53:27.197+0000] {dag.py:2981} INFO - Setting next_dagrun for tutorial to 2022-09-04T15:44:13.307119+00:00, run_after=2022-09-05T15:44:13.307119+00:00
[2022-09-04T15:53:27.213+0000] {processor.py:161} INFO - Processing /opt/airflow/dags/tutorial.py took 0.086 seconds
[2022-09-04T15:53:57.957+0000] {processor.py:153} INFO - Started process (PID=3680) to work on /opt/airflow/dags/tutorial.py
[2022-09-04T15:53:57.962+0000] {processor.py:640} INFO - Processing file /opt/airflow/dags/tutorial.py for tasks to queue
[2022-09-04T15:53:57.964+0000] {logging_mixin.py:115} INFO - [2022-09-04T15:53:57.964+0000] {dagbag.py:508} INFO - Filling up the DagBag from /opt/airflow/dags/tutorial.py
[2022-09-04T15:53:57.978+0000] {processor.py:650} INFO - DAG(s) dict_keys(['tutorial']) retrieved from /opt/airflow/dags/tutorial.py
[2022-09-04T15:53:58.000+0000] {logging_mixin.py:115} INFO - [2022-09-04T15:53:57.999+0000] {dag.py:2429} INFO - Sync 1 DAGs
[2022-09-04T15:53:58.013+0000] {logging_mixin.py:115} INFO - [2022-09-04T15:53:58.013+0000] {dag.py:2981} INFO - Setting next_dagrun for tutorial to 2022-09-04T15:44:13.307119+00:00, run_after=2022-09-05T15:44:13.307119+00:00
[2022-09-04T15:53:58.024+0000] {processor.py:161} INFO - Processing /opt/airflow/dags/tutorial.py took 0.072 seconds
[2022-09-04T15:54:28.734+0000] {processor.py:153} INFO - Started process (PID=3743) to work on /opt/airflow/dags/tutorial.py
[2022-09-04T15:54:28.738+0000] {processor.py:640} INFO - Processing file /opt/airflow/dags/tutorial.py for tasks to queue
[2022-09-04T15:54:28.739+0000] {logging_mixin.py:115} INFO - [2022-09-04T15:54:28.739+0000] {dagbag.py:508} INFO - Filling up the DagBag from /opt/airflow/dags/tutorial.py
[2022-09-04T15:54:28.750+0000] {processor.py:650} INFO - DAG(s) dict_keys(['tutorial']) retrieved from /opt/airflow/dags/tutorial.py
[2022-09-04T15:54:28.762+0000] {logging_mixin.py:115} INFO - [2022-09-04T15:54:28.762+0000] {dag.py:2429} INFO - Sync 1 DAGs
[2022-09-04T15:54:28.775+0000] {logging_mixin.py:115} INFO - [2022-09-04T15:54:28.775+0000] {dag.py:2981} INFO - Setting next_dagrun for tutorial to 2022-09-04T15:44:13.307119+00:00, run_after=2022-09-05T15:44:13.307119+00:00
[2022-09-04T15:54:28.784+0000] {processor.py:161} INFO - Processing /opt/airflow/dags/tutorial.py took 0.055 seconds
[2022-09-04T15:54:59.685+0000] {processor.py:153} INFO - Started process (PID=3804) to work on /opt/airflow/dags/tutorial.py
[2022-09-04T15:54:59.705+0000] {processor.py:640} INFO - Processing file /opt/airflow/dags/tutorial.py for tasks to queue
[2022-09-04T15:54:59.709+0000] {logging_mixin.py:115} INFO - [2022-09-04T15:54:59.709+0000] {dagbag.py:508} INFO - Filling up the DagBag from /opt/airflow/dags/tutorial.py
[2022-09-04T15:54:59.720+0000] {processor.py:650} INFO - DAG(s) dict_keys(['tutorial']) retrieved from /opt/airflow/dags/tutorial.py
[2022-09-04T15:54:59.760+0000] {logging_mixin.py:115} INFO - [2022-09-04T15:54:59.760+0000] {dag.py:2429} INFO - Sync 1 DAGs
[2022-09-04T15:54:59.771+0000] {logging_mixin.py:115} INFO - [2022-09-04T15:54:59.771+0000] {dag.py:2981} INFO - Setting next_dagrun for tutorial to 2022-09-04T15:44:13.307119+00:00, run_after=2022-09-05T15:44:13.307119+00:00
[2022-09-04T15:54:59.781+0000] {processor.py:161} INFO - Processing /opt/airflow/dags/tutorial.py took 0.100 seconds
[2022-09-04T15:55:30.532+0000] {processor.py:153} INFO - Started process (PID=3857) to work on /opt/airflow/dags/tutorial.py
[2022-09-04T15:55:30.536+0000] {processor.py:640} INFO - Processing file /opt/airflow/dags/tutorial.py for tasks to queue
[2022-09-04T15:55:30.538+0000] {logging_mixin.py:115} INFO - [2022-09-04T15:55:30.538+0000] {dagbag.py:508} INFO - Filling up the DagBag from /opt/airflow/dags/tutorial.py
[2022-09-04T15:55:30.552+0000] {processor.py:650} INFO - DAG(s) dict_keys(['tutorial']) retrieved from /opt/airflow/dags/tutorial.py
[2022-09-04T15:55:30.573+0000] {logging_mixin.py:115} INFO - [2022-09-04T15:55:30.573+0000] {dag.py:2429} INFO - Sync 1 DAGs
[2022-09-04T15:55:30.594+0000] {logging_mixin.py:115} INFO - [2022-09-04T15:55:30.594+0000] {dag.py:2981} INFO - Setting next_dagrun for tutorial to 2022-09-04T15:44:13.307119+00:00, run_after=2022-09-05T15:44:13.307119+00:00
[2022-09-04T15:55:30.607+0000] {processor.py:161} INFO - Processing /opt/airflow/dags/tutorial.py took 0.083 seconds
[2022-09-04T15:56:01.302+0000] {processor.py:153} INFO - Started process (PID=3918) to work on /opt/airflow/dags/tutorial.py
[2022-09-04T15:56:01.304+0000] {processor.py:640} INFO - Processing file /opt/airflow/dags/tutorial.py for tasks to queue
[2022-09-04T15:56:01.305+0000] {logging_mixin.py:115} INFO - [2022-09-04T15:56:01.305+0000] {dagbag.py:508} INFO - Filling up the DagBag from /opt/airflow/dags/tutorial.py
[2022-09-04T15:56:01.313+0000] {processor.py:650} INFO - DAG(s) dict_keys(['tutorial']) retrieved from /opt/airflow/dags/tutorial.py
[2022-09-04T15:56:01.324+0000] {logging_mixin.py:115} INFO - [2022-09-04T15:56:01.324+0000] {dag.py:2429} INFO - Sync 1 DAGs
[2022-09-04T15:56:01.339+0000] {logging_mixin.py:115} INFO - [2022-09-04T15:56:01.339+0000] {dag.py:2981} INFO - Setting next_dagrun for tutorial to 2022-09-04T15:44:13.307119+00:00, run_after=2022-09-05T15:44:13.307119+00:00
[2022-09-04T15:56:01.350+0000] {processor.py:161} INFO - Processing /opt/airflow/dags/tutorial.py took 0.050 seconds
[2022-09-04T15:56:32.059+0000] {processor.py:153} INFO - Started process (PID=3981) to work on /opt/airflow/dags/tutorial.py
[2022-09-04T15:56:32.073+0000] {processor.py:640} INFO - Processing file /opt/airflow/dags/tutorial.py for tasks to queue
[2022-09-04T15:56:32.075+0000] {logging_mixin.py:115} INFO - [2022-09-04T15:56:32.075+0000] {dagbag.py:508} INFO - Filling up the DagBag from /opt/airflow/dags/tutorial.py
[2022-09-04T15:56:32.086+0000] {processor.py:650} INFO - DAG(s) dict_keys(['tutorial']) retrieved from /opt/airflow/dags/tutorial.py
[2022-09-04T15:56:32.123+0000] {logging_mixin.py:115} INFO - [2022-09-04T15:56:32.123+0000] {dag.py:2429} INFO - Sync 1 DAGs
[2022-09-04T15:56:32.134+0000] {logging_mixin.py:115} INFO - [2022-09-04T15:56:32.134+0000] {dag.py:2981} INFO - Setting next_dagrun for tutorial to 2022-09-04T15:44:13.307119+00:00, run_after=2022-09-05T15:44:13.307119+00:00
[2022-09-04T15:56:32.144+0000] {processor.py:161} INFO - Processing /opt/airflow/dags/tutorial.py took 0.091 seconds
[2022-09-04T15:57:02.755+0000] {processor.py:153} INFO - Started process (PID=4042) to work on /opt/airflow/dags/tutorial.py
[2022-09-04T15:57:02.758+0000] {processor.py:640} INFO - Processing file /opt/airflow/dags/tutorial.py for tasks to queue
[2022-09-04T15:57:02.759+0000] {logging_mixin.py:115} INFO - [2022-09-04T15:57:02.759+0000] {dagbag.py:508} INFO - Filling up the DagBag from /opt/airflow/dags/tutorial.py
[2022-09-04T15:57:02.770+0000] {processor.py:650} INFO - DAG(s) dict_keys(['tutorial']) retrieved from /opt/airflow/dags/tutorial.py
[2022-09-04T15:57:02.792+0000] {logging_mixin.py:115} INFO - [2022-09-04T15:57:02.792+0000] {dag.py:2429} INFO - Sync 1 DAGs
[2022-09-04T15:57:02.808+0000] {logging_mixin.py:115} INFO - [2022-09-04T15:57:02.808+0000] {dag.py:2981} INFO - Setting next_dagrun for tutorial to 2022-09-04T15:44:13.307119+00:00, run_after=2022-09-05T15:44:13.307119+00:00
[2022-09-04T15:57:02.822+0000] {processor.py:161} INFO - Processing /opt/airflow/dags/tutorial.py took 0.069 seconds
[2022-09-04T15:57:32.861+0000] {processor.py:153} INFO - Started process (PID=4103) to work on /opt/airflow/dags/tutorial.py
[2022-09-04T15:57:32.863+0000] {processor.py:640} INFO - Processing file /opt/airflow/dags/tutorial.py for tasks to queue
[2022-09-04T15:57:32.865+0000] {logging_mixin.py:115} INFO - [2022-09-04T15:57:32.865+0000] {dagbag.py:508} INFO - Filling up the DagBag from /opt/airflow/dags/tutorial.py
[2022-09-04T15:57:32.875+0000] {processor.py:650} INFO - DAG(s) dict_keys(['tutorial']) retrieved from /opt/airflow/dags/tutorial.py
[2022-09-04T15:57:32.887+0000] {logging_mixin.py:115} INFO - [2022-09-04T15:57:32.887+0000] {dag.py:2429} INFO - Sync 1 DAGs
[2022-09-04T15:57:32.901+0000] {logging_mixin.py:115} INFO - [2022-09-04T15:57:32.901+0000] {dag.py:2981} INFO - Setting next_dagrun for tutorial to 2022-09-04T15:44:13.307119+00:00, run_after=2022-09-05T15:44:13.307119+00:00
[2022-09-04T15:57:32.909+0000] {processor.py:161} INFO - Processing /opt/airflow/dags/tutorial.py took 0.052 seconds
[2022-09-04T15:58:03.646+0000] {processor.py:153} INFO - Started process (PID=4165) to work on /opt/airflow/dags/tutorial.py
[2022-09-04T15:58:03.649+0000] {processor.py:640} INFO - Processing file /opt/airflow/dags/tutorial.py for tasks to queue
[2022-09-04T15:58:03.651+0000] {logging_mixin.py:115} INFO - [2022-09-04T15:58:03.651+0000] {dagbag.py:508} INFO - Filling up the DagBag from /opt/airflow/dags/tutorial.py
[2022-09-04T15:58:03.666+0000] {processor.py:650} INFO - DAG(s) dict_keys(['tutorial']) retrieved from /opt/airflow/dags/tutorial.py
[2022-09-04T15:58:03.706+0000] {logging_mixin.py:115} INFO - [2022-09-04T15:58:03.706+0000] {dag.py:2429} INFO - Sync 1 DAGs
[2022-09-04T15:58:03.717+0000] {logging_mixin.py:115} INFO - [2022-09-04T15:58:03.717+0000] {dag.py:2981} INFO - Setting next_dagrun for tutorial to 2022-09-04T15:44:13.307119+00:00, run_after=2022-09-05T15:44:13.307119+00:00
[2022-09-04T15:58:03.726+0000] {processor.py:161} INFO - Processing /opt/airflow/dags/tutorial.py took 0.085 seconds
[2022-09-04T15:58:34.404+0000] {processor.py:153} INFO - Started process (PID=4223) to work on /opt/airflow/dags/tutorial.py
[2022-09-04T15:58:34.405+0000] {processor.py:640} INFO - Processing file /opt/airflow/dags/tutorial.py for tasks to queue
[2022-09-04T15:58:34.406+0000] {logging_mixin.py:115} INFO - [2022-09-04T15:58:34.406+0000] {dagbag.py:508} INFO - Filling up the DagBag from /opt/airflow/dags/tutorial.py
[2022-09-04T15:58:34.415+0000] {processor.py:650} INFO - DAG(s) dict_keys(['tutorial']) retrieved from /opt/airflow/dags/tutorial.py
[2022-09-04T15:58:34.432+0000] {logging_mixin.py:115} INFO - [2022-09-04T15:58:34.432+0000] {dag.py:2429} INFO - Sync 1 DAGs
[2022-09-04T15:58:34.447+0000] {logging_mixin.py:115} INFO - [2022-09-04T15:58:34.447+0000] {dag.py:2981} INFO - Setting next_dagrun for tutorial to 2022-09-04T15:44:13.307119+00:00, run_after=2022-09-05T15:44:13.307119+00:00
[2022-09-04T15:58:34.457+0000] {processor.py:161} INFO - Processing /opt/airflow/dags/tutorial.py took 0.056 seconds
[2022-09-04T15:59:05.240+0000] {processor.py:153} INFO - Started process (PID=4277) to work on /opt/airflow/dags/tutorial.py
[2022-09-04T15:59:05.245+0000] {processor.py:640} INFO - Processing file /opt/airflow/dags/tutorial.py for tasks to queue
[2022-09-04T15:59:05.248+0000] {logging_mixin.py:115} INFO - [2022-09-04T15:59:05.248+0000] {dagbag.py:508} INFO - Filling up the DagBag from /opt/airflow/dags/tutorial.py
[2022-09-04T15:59:05.262+0000] {processor.py:650} INFO - DAG(s) dict_keys(['tutorial']) retrieved from /opt/airflow/dags/tutorial.py
[2022-09-04T15:59:05.275+0000] {logging_mixin.py:115} INFO - [2022-09-04T15:59:05.275+0000] {dag.py:2429} INFO - Sync 1 DAGs
[2022-09-04T15:59:05.292+0000] {logging_mixin.py:115} INFO - [2022-09-04T15:59:05.292+0000] {dag.py:2981} INFO - Setting next_dagrun for tutorial to 2022-09-04T15:44:13.307119+00:00, run_after=2022-09-05T15:44:13.307119+00:00
[2022-09-04T15:59:05.334+0000] {processor.py:161} INFO - Processing /opt/airflow/dags/tutorial.py took 0.100 seconds
[2022-09-04T15:59:36.283+0000] {processor.py:153} INFO - Started process (PID=4339) to work on /opt/airflow/dags/tutorial.py
[2022-09-04T15:59:36.286+0000] {processor.py:640} INFO - Processing file /opt/airflow/dags/tutorial.py for tasks to queue
[2022-09-04T15:59:36.287+0000] {logging_mixin.py:115} INFO - [2022-09-04T15:59:36.287+0000] {dagbag.py:508} INFO - Filling up the DagBag from /opt/airflow/dags/tutorial.py
[2022-09-04T15:59:36.299+0000] {processor.py:650} INFO - DAG(s) dict_keys(['tutorial']) retrieved from /opt/airflow/dags/tutorial.py
[2022-09-04T15:59:36.341+0000] {logging_mixin.py:115} INFO - [2022-09-04T15:59:36.341+0000] {dag.py:2429} INFO - Sync 1 DAGs
[2022-09-04T15:59:36.353+0000] {logging_mixin.py:115} INFO - [2022-09-04T15:59:36.353+0000] {dag.py:2981} INFO - Setting next_dagrun for tutorial to 2022-09-04T15:44:13.307119+00:00, run_after=2022-09-05T15:44:13.307119+00:00
[2022-09-04T15:59:36.363+0000] {processor.py:161} INFO - Processing /opt/airflow/dags/tutorial.py took 0.086 seconds
[2022-09-04T16:00:07.083+0000] {processor.py:153} INFO - Started process (PID=4400) to work on /opt/airflow/dags/tutorial.py
[2022-09-04T16:00:07.085+0000] {processor.py:640} INFO - Processing file /opt/airflow/dags/tutorial.py for tasks to queue
[2022-09-04T16:00:07.086+0000] {logging_mixin.py:115} INFO - [2022-09-04T16:00:07.086+0000] {dagbag.py:508} INFO - Filling up the DagBag from /opt/airflow/dags/tutorial.py
[2022-09-04T16:00:07.096+0000] {processor.py:650} INFO - DAG(s) dict_keys(['tutorial']) retrieved from /opt/airflow/dags/tutorial.py
[2022-09-04T16:00:07.113+0000] {logging_mixin.py:115} INFO - [2022-09-04T16:00:07.113+0000] {dag.py:2429} INFO - Sync 1 DAGs
[2022-09-04T16:00:07.126+0000] {logging_mixin.py:115} INFO - [2022-09-04T16:00:07.126+0000] {dag.py:2981} INFO - Setting next_dagrun for tutorial to 2022-09-04T15:44:13.307119+00:00, run_after=2022-09-05T15:44:13.307119+00:00
[2022-09-04T16:00:07.136+0000] {processor.py:161} INFO - Processing /opt/airflow/dags/tutorial.py took 0.057 seconds
[2022-09-04T16:00:37.866+0000] {processor.py:153} INFO - Started process (PID=4462) to work on /opt/airflow/dags/tutorial.py
[2022-09-04T16:00:37.901+0000] {processor.py:640} INFO - Processing file /opt/airflow/dags/tutorial.py for tasks to queue
[2022-09-04T16:00:37.904+0000] {logging_mixin.py:115} INFO - [2022-09-04T16:00:37.904+0000] {dagbag.py:508} INFO - Filling up the DagBag from /opt/airflow/dags/tutorial.py
[2022-09-04T16:00:37.913+0000] {processor.py:650} INFO - DAG(s) dict_keys(['tutorial']) retrieved from /opt/airflow/dags/tutorial.py
[2022-09-04T16:00:37.929+0000] {logging_mixin.py:115} INFO - [2022-09-04T16:00:37.929+0000] {dag.py:2429} INFO - Sync 1 DAGs
[2022-09-04T16:00:37.950+0000] {logging_mixin.py:115} INFO - [2022-09-04T16:00:37.950+0000] {dag.py:2981} INFO - Setting next_dagrun for tutorial to 2022-09-04T15:44:13.307119+00:00, run_after=2022-09-05T15:44:13.307119+00:00
[2022-09-04T16:00:37.966+0000] {processor.py:161} INFO - Processing /opt/airflow/dags/tutorial.py took 0.103 seconds
[2022-09-04T16:01:08.691+0000] {processor.py:153} INFO - Started process (PID=4524) to work on /opt/airflow/dags/tutorial.py
[2022-09-04T16:01:08.696+0000] {processor.py:640} INFO - Processing file /opt/airflow/dags/tutorial.py for tasks to queue
[2022-09-04T16:01:08.697+0000] {logging_mixin.py:115} INFO - [2022-09-04T16:01:08.697+0000] {dagbag.py:508} INFO - Filling up the DagBag from /opt/airflow/dags/tutorial.py
[2022-09-04T16:01:08.705+0000] {processor.py:650} INFO - DAG(s) dict_keys(['tutorial']) retrieved from /opt/airflow/dags/tutorial.py
[2022-09-04T16:01:08.747+0000] {logging_mixin.py:115} INFO - [2022-09-04T16:01:08.747+0000] {dag.py:2429} INFO - Sync 1 DAGs
[2022-09-04T16:01:08.760+0000] {logging_mixin.py:115} INFO - [2022-09-04T16:01:08.760+0000] {dag.py:2981} INFO - Setting next_dagrun for tutorial to 2022-09-04T15:44:13.307119+00:00, run_after=2022-09-05T15:44:13.307119+00:00
[2022-09-04T16:01:08.771+0000] {processor.py:161} INFO - Processing /opt/airflow/dags/tutorial.py took 0.082 seconds
[2022-09-04T16:01:39.568+0000] {processor.py:153} INFO - Started process (PID=4587) to work on /opt/airflow/dags/tutorial.py
[2022-09-04T16:01:39.571+0000] {processor.py:640} INFO - Processing file /opt/airflow/dags/tutorial.py for tasks to queue
[2022-09-04T16:01:39.574+0000] {logging_mixin.py:115} INFO - [2022-09-04T16:01:39.574+0000] {dagbag.py:508} INFO - Filling up the DagBag from /opt/airflow/dags/tutorial.py
[2022-09-04T16:01:39.587+0000] {processor.py:650} INFO - DAG(s) dict_keys(['tutorial']) retrieved from /opt/airflow/dags/tutorial.py
[2022-09-04T16:01:39.607+0000] {logging_mixin.py:115} INFO - [2022-09-04T16:01:39.607+0000] {dag.py:2429} INFO - Sync 1 DAGs
[2022-09-04T16:01:39.620+0000] {logging_mixin.py:115} INFO - [2022-09-04T16:01:39.620+0000] {dag.py:2981} INFO - Setting next_dagrun for tutorial to 2022-09-04T15:44:13.307119+00:00, run_after=2022-09-05T15:44:13.307119+00:00
[2022-09-04T16:01:39.629+0000] {processor.py:161} INFO - Processing /opt/airflow/dags/tutorial.py took 0.067 seconds
[2022-09-04T16:02:10.560+0000] {processor.py:153} INFO - Started process (PID=4641) to work on /opt/airflow/dags/tutorial.py
[2022-09-04T16:02:10.563+0000] {processor.py:640} INFO - Processing file /opt/airflow/dags/tutorial.py for tasks to queue
[2022-09-04T16:02:10.564+0000] {logging_mixin.py:115} INFO - [2022-09-04T16:02:10.564+0000] {dagbag.py:508} INFO - Filling up the DagBag from /opt/airflow/dags/tutorial.py
[2022-09-04T16:02:10.570+0000] {processor.py:650} INFO - DAG(s) dict_keys(['tutorial']) retrieved from /opt/airflow/dags/tutorial.py
[2022-09-04T16:02:10.582+0000] {logging_mixin.py:115} INFO - [2022-09-04T16:02:10.581+0000] {dag.py:2429} INFO - Sync 1 DAGs
[2022-09-04T16:02:10.595+0000] {logging_mixin.py:115} INFO - [2022-09-04T16:02:10.595+0000] {dag.py:2981} INFO - Setting next_dagrun for tutorial to 2022-09-04T15:44:13.307119+00:00, run_after=2022-09-05T15:44:13.307119+00:00
[2022-09-04T16:02:10.603+0000] {processor.py:161} INFO - Processing /opt/airflow/dags/tutorial.py took 0.045 seconds
[2022-09-04T16:02:41.393+0000] {processor.py:153} INFO - Started process (PID=4703) to work on /opt/airflow/dags/tutorial.py
[2022-09-04T16:02:41.396+0000] {processor.py:640} INFO - Processing file /opt/airflow/dags/tutorial.py for tasks to queue
[2022-09-04T16:02:41.399+0000] {logging_mixin.py:115} INFO - [2022-09-04T16:02:41.399+0000] {dagbag.py:508} INFO - Filling up the DagBag from /opt/airflow/dags/tutorial.py
[2022-09-04T16:02:41.410+0000] {processor.py:650} INFO - DAG(s) dict_keys(['tutorial']) retrieved from /opt/airflow/dags/tutorial.py
[2022-09-04T16:02:41.453+0000] {logging_mixin.py:115} INFO - [2022-09-04T16:02:41.453+0000] {dag.py:2429} INFO - Sync 1 DAGs
[2022-09-04T16:02:41.465+0000] {logging_mixin.py:115} INFO - [2022-09-04T16:02:41.465+0000] {dag.py:2981} INFO - Setting next_dagrun for tutorial to 2022-09-04T15:44:13.307119+00:00, run_after=2022-09-05T15:44:13.307119+00:00
[2022-09-04T16:02:41.475+0000] {processor.py:161} INFO - Processing /opt/airflow/dags/tutorial.py took 0.084 seconds
[2022-09-04T16:03:12.186+0000] {processor.py:153} INFO - Started process (PID=4765) to work on /opt/airflow/dags/tutorial.py
[2022-09-04T16:03:12.190+0000] {processor.py:640} INFO - Processing file /opt/airflow/dags/tutorial.py for tasks to queue
[2022-09-04T16:03:12.193+0000] {logging_mixin.py:115} INFO - [2022-09-04T16:03:12.192+0000] {dagbag.py:508} INFO - Filling up the DagBag from /opt/airflow/dags/tutorial.py
[2022-09-04T16:03:12.208+0000] {processor.py:650} INFO - DAG(s) dict_keys(['tutorial']) retrieved from /opt/airflow/dags/tutorial.py
[2022-09-04T16:03:12.228+0000] {logging_mixin.py:115} INFO - [2022-09-04T16:03:12.228+0000] {dag.py:2429} INFO - Sync 1 DAGs
[2022-09-04T16:03:12.242+0000] {logging_mixin.py:115} INFO - [2022-09-04T16:03:12.241+0000] {dag.py:2981} INFO - Setting next_dagrun for tutorial to 2022-09-04T15:44:13.307119+00:00, run_after=2022-09-05T15:44:13.307119+00:00
[2022-09-04T16:03:12.250+0000] {processor.py:161} INFO - Processing /opt/airflow/dags/tutorial.py took 0.069 seconds
[2022-09-04T16:03:43.068+0000] {processor.py:153} INFO - Started process (PID=4827) to work on /opt/airflow/dags/tutorial.py
[2022-09-04T16:03:43.071+0000] {processor.py:640} INFO - Processing file /opt/airflow/dags/tutorial.py for tasks to queue
[2022-09-04T16:03:43.073+0000] {logging_mixin.py:115} INFO - [2022-09-04T16:03:43.072+0000] {dagbag.py:508} INFO - Filling up the DagBag from /opt/airflow/dags/tutorial.py
[2022-09-04T16:03:43.084+0000] {processor.py:650} INFO - DAG(s) dict_keys(['tutorial']) retrieved from /opt/airflow/dags/tutorial.py
[2022-09-04T16:03:43.096+0000] {logging_mixin.py:115} INFO - [2022-09-04T16:03:43.096+0000] {dag.py:2429} INFO - Sync 1 DAGs
[2022-09-04T16:03:43.110+0000] {logging_mixin.py:115} INFO - [2022-09-04T16:03:43.110+0000] {dag.py:2981} INFO - Setting next_dagrun for tutorial to 2022-09-04T15:44:13.307119+00:00, run_after=2022-09-05T15:44:13.307119+00:00
[2022-09-04T16:03:43.119+0000] {processor.py:161} INFO - Processing /opt/airflow/dags/tutorial.py took 0.056 seconds
[2022-09-04T16:04:13.975+0000] {processor.py:153} INFO - Started process (PID=4889) to work on /opt/airflow/dags/tutorial.py
[2022-09-04T16:04:13.978+0000] {processor.py:640} INFO - Processing file /opt/airflow/dags/tutorial.py for tasks to queue
[2022-09-04T16:04:13.979+0000] {logging_mixin.py:115} INFO - [2022-09-04T16:04:13.979+0000] {dagbag.py:508} INFO - Filling up the DagBag from /opt/airflow/dags/tutorial.py
[2022-09-04T16:04:13.986+0000] {processor.py:650} INFO - DAG(s) dict_keys(['tutorial']) retrieved from /opt/airflow/dags/tutorial.py
[2022-09-04T16:04:14.024+0000] {logging_mixin.py:115} INFO - [2022-09-04T16:04:14.024+0000] {dag.py:2429} INFO - Sync 1 DAGs
[2022-09-04T16:04:14.035+0000] {logging_mixin.py:115} INFO - [2022-09-04T16:04:14.035+0000] {dag.py:2981} INFO - Setting next_dagrun for tutorial to 2022-09-04T15:44:13.307119+00:00, run_after=2022-09-05T15:44:13.307119+00:00
[2022-09-04T16:04:14.044+0000] {processor.py:161} INFO - Processing /opt/airflow/dags/tutorial.py took 0.072 seconds
[2022-09-04T16:04:44.873+0000] {processor.py:153} INFO - Started process (PID=4951) to work on /opt/airflow/dags/tutorial.py
[2022-09-04T16:04:44.875+0000] {processor.py:640} INFO - Processing file /opt/airflow/dags/tutorial.py for tasks to queue
[2022-09-04T16:04:44.878+0000] {logging_mixin.py:115} INFO - [2022-09-04T16:04:44.877+0000] {dagbag.py:508} INFO - Filling up the DagBag from /opt/airflow/dags/tutorial.py
[2022-09-04T16:04:44.888+0000] {processor.py:650} INFO - DAG(s) dict_keys(['tutorial']) retrieved from /opt/airflow/dags/tutorial.py
[2022-09-04T16:04:44.907+0000] {logging_mixin.py:115} INFO - [2022-09-04T16:04:44.907+0000] {dag.py:2429} INFO - Sync 1 DAGs
[2022-09-04T16:04:44.923+0000] {logging_mixin.py:115} INFO - [2022-09-04T16:04:44.923+0000] {dag.py:2981} INFO - Setting next_dagrun for tutorial to 2022-09-04T15:44:13.307119+00:00, run_after=2022-09-05T15:44:13.307119+00:00
[2022-09-04T16:04:44.933+0000] {processor.py:161} INFO - Processing /opt/airflow/dags/tutorial.py took 0.064 seconds
[2022-09-04T16:05:15.644+0000] {processor.py:153} INFO - Started process (PID=5014) to work on /opt/airflow/dags/tutorial.py
[2022-09-04T16:05:15.646+0000] {processor.py:640} INFO - Processing file /opt/airflow/dags/tutorial.py for tasks to queue
[2022-09-04T16:05:15.647+0000] {logging_mixin.py:115} INFO - [2022-09-04T16:05:15.647+0000] {dagbag.py:508} INFO - Filling up the DagBag from /opt/airflow/dags/tutorial.py
[2022-09-04T16:05:15.657+0000] {processor.py:650} INFO - DAG(s) dict_keys(['tutorial']) retrieved from /opt/airflow/dags/tutorial.py
[2022-09-04T16:05:15.668+0000] {logging_mixin.py:115} INFO - [2022-09-04T16:05:15.668+0000] {dag.py:2429} INFO - Sync 1 DAGs
[2022-09-04T16:05:15.684+0000] {logging_mixin.py:115} INFO - [2022-09-04T16:05:15.684+0000] {dag.py:2981} INFO - Setting next_dagrun for tutorial to 2022-09-04T15:44:13.307119+00:00, run_after=2022-09-05T15:44:13.307119+00:00
[2022-09-04T16:05:15.697+0000] {processor.py:161} INFO - Processing /opt/airflow/dags/tutorial.py took 0.056 seconds
[2022-09-04T16:05:46.560+0000] {processor.py:153} INFO - Started process (PID=5067) to work on /opt/airflow/dags/tutorial.py
[2022-09-04T16:05:46.562+0000] {processor.py:640} INFO - Processing file /opt/airflow/dags/tutorial.py for tasks to queue
[2022-09-04T16:05:46.564+0000] {logging_mixin.py:115} INFO - [2022-09-04T16:05:46.563+0000] {dagbag.py:508} INFO - Filling up the DagBag from /opt/airflow/dags/tutorial.py
[2022-09-04T16:05:46.574+0000] {processor.py:650} INFO - DAG(s) dict_keys(['tutorial']) retrieved from /opt/airflow/dags/tutorial.py
[2022-09-04T16:05:46.613+0000] {logging_mixin.py:115} INFO - [2022-09-04T16:05:46.613+0000] {dag.py:2429} INFO - Sync 1 DAGs
[2022-09-04T16:05:46.625+0000] {logging_mixin.py:115} INFO - [2022-09-04T16:05:46.625+0000] {dag.py:2981} INFO - Setting next_dagrun for tutorial to 2022-09-04T15:44:13.307119+00:00, run_after=2022-09-05T15:44:13.307119+00:00
[2022-09-04T16:05:46.635+0000] {processor.py:161} INFO - Processing /opt/airflow/dags/tutorial.py took 0.078 seconds
[2022-09-04T16:06:17.552+0000] {processor.py:153} INFO - Started process (PID=5128) to work on /opt/airflow/dags/tutorial.py
[2022-09-04T16:06:17.554+0000] {processor.py:640} INFO - Processing file /opt/airflow/dags/tutorial.py for tasks to queue
[2022-09-04T16:06:17.556+0000] {logging_mixin.py:115} INFO - [2022-09-04T16:06:17.555+0000] {dagbag.py:508} INFO - Filling up the DagBag from /opt/airflow/dags/tutorial.py
[2022-09-04T16:06:17.566+0000] {processor.py:650} INFO - DAG(s) dict_keys(['tutorial']) retrieved from /opt/airflow/dags/tutorial.py
[2022-09-04T16:06:17.588+0000] {logging_mixin.py:115} INFO - [2022-09-04T16:06:17.588+0000] {dag.py:2429} INFO - Sync 1 DAGs
[2022-09-04T16:06:17.602+0000] {logging_mixin.py:115} INFO - [2022-09-04T16:06:17.602+0000] {dag.py:2981} INFO - Setting next_dagrun for tutorial to 2022-09-04T15:44:13.307119+00:00, run_after=2022-09-05T15:44:13.307119+00:00
[2022-09-04T16:06:17.610+0000] {processor.py:161} INFO - Processing /opt/airflow/dags/tutorial.py took 0.060 seconds
[2022-09-04T16:06:48.496+0000] {processor.py:153} INFO - Started process (PID=5189) to work on /opt/airflow/dags/tutorial.py
[2022-09-04T16:06:48.500+0000] {processor.py:640} INFO - Processing file /opt/airflow/dags/tutorial.py for tasks to queue
[2022-09-04T16:06:48.504+0000] {logging_mixin.py:115} INFO - [2022-09-04T16:06:48.504+0000] {dagbag.py:508} INFO - Filling up the DagBag from /opt/airflow/dags/tutorial.py
[2022-09-04T16:06:48.518+0000] {processor.py:650} INFO - DAG(s) dict_keys(['tutorial']) retrieved from /opt/airflow/dags/tutorial.py
[2022-09-04T16:06:48.530+0000] {logging_mixin.py:115} INFO - [2022-09-04T16:06:48.530+0000] {dag.py:2429} INFO - Sync 1 DAGs
[2022-09-04T16:06:48.543+0000] {logging_mixin.py:115} INFO - [2022-09-04T16:06:48.543+0000] {dag.py:2981} INFO - Setting next_dagrun for tutorial to 2022-09-04T15:44:13.307119+00:00, run_after=2022-09-05T15:44:13.307119+00:00
[2022-09-04T16:06:48.552+0000] {processor.py:161} INFO - Processing /opt/airflow/dags/tutorial.py took 0.061 seconds
