[2022-09-04T16:38:01.295+0000] {taskinstance.py:1171} INFO - Dependencies all met for <TaskInstance: first_airflow_dag.get_datetime scheduled__2022-09-04T16:37:00+00:00 [queued]>
[2022-09-04T16:38:01.311+0000] {taskinstance.py:1171} INFO - Dependencies all met for <TaskInstance: first_airflow_dag.get_datetime scheduled__2022-09-04T16:37:00+00:00 [queued]>
[2022-09-04T16:38:01.312+0000] {taskinstance.py:1368} INFO - 
--------------------------------------------------------------------------------
[2022-09-04T16:38:01.313+0000] {taskinstance.py:1369} INFO - Starting attempt 1 of 1
[2022-09-04T16:38:01.314+0000] {taskinstance.py:1370} INFO - 
--------------------------------------------------------------------------------
[2022-09-04T16:38:01.323+0000] {taskinstance.py:1389} INFO - Executing <Task(BashOperator): get_datetime> on 2022-09-04 16:37:00+00:00
[2022-09-04T16:38:01.328+0000] {standard_task_runner.py:52} INFO - Started process 4132 to run task
[2022-09-04T16:38:01.332+0000] {standard_task_runner.py:79} INFO - Running: ['***', 'tasks', 'run', 'first_***_dag', 'get_datetime', 'scheduled__2022-09-04T16:37:00+00:00', '--job-id', '106', '--raw', '--subdir', 'DAGS_FOLDER/first_dag.py', '--cfg-path', '/tmp/tmp_wmv0gsv', '--error-file', '/tmp/tmpge9ep8qw']
[2022-09-04T16:38:01.335+0000] {standard_task_runner.py:80} INFO - Job 106: Subtask get_datetime
[2022-09-04T16:38:01.387+0000] {task_command.py:371} INFO - Running <TaskInstance: first_airflow_dag.get_datetime scheduled__2022-09-04T16:37:00+00:00 [running]> on host c56acb3a0493
[2022-09-04T16:38:01.449+0000] {taskinstance.py:1583} INFO - Exporting the following env vars:
AIRFLOW_CTX_DAG_OWNER=***
AIRFLOW_CTX_DAG_ID=first_***_dag
AIRFLOW_CTX_TASK_ID=get_datetime
AIRFLOW_CTX_EXECUTION_DATE=2022-09-04T16:37:00+00:00
AIRFLOW_CTX_TRY_NUMBER=1
AIRFLOW_CTX_DAG_RUN_ID=scheduled__2022-09-04T16:37:00+00:00
[2022-09-04T16:38:01.451+0000] {subprocess.py:62} INFO - Tmp dir root location: 
 /tmp
[2022-09-04T16:38:01.452+0000] {subprocess.py:74} INFO - Running command: ['/bin/bash', '-c', 'date']
[2022-09-04T16:38:01.461+0000] {subprocess.py:85} INFO - Output:
[2022-09-04T16:38:01.463+0000] {subprocess.py:92} INFO - Sun Sep  4 16:38:01 UTC 2022
[2022-09-04T16:38:01.465+0000] {subprocess.py:96} INFO - Command exited with return code 0
[2022-09-04T16:38:01.485+0000] {taskinstance.py:1412} INFO - Marking task as SUCCESS. dag_id=first_***_dag, task_id=get_datetime, execution_date=20220904T163700, start_date=20220904T163801, end_date=20220904T163801
[2022-09-04T16:38:01.504+0000] {local_task_job.py:156} INFO - Task exited with return code 0
[2022-09-04T16:38:01.532+0000] {local_task_job.py:279} INFO - 1 downstream tasks scheduled from follow-on schedule check
