[2022-09-04T16:33:01.014+0000] {taskinstance.py:1171} INFO - Dependencies all met for <TaskInstance: first_airflow_dag.get_datetime scheduled__2022-09-04T16:32:00+00:00 [queued]>
[2022-09-04T16:33:01.021+0000] {taskinstance.py:1171} INFO - Dependencies all met for <TaskInstance: first_airflow_dag.get_datetime scheduled__2022-09-04T16:32:00+00:00 [queued]>
[2022-09-04T16:33:01.022+0000] {taskinstance.py:1368} INFO - 
--------------------------------------------------------------------------------
[2022-09-04T16:33:01.024+0000] {taskinstance.py:1369} INFO - Starting attempt 1 of 1
[2022-09-04T16:33:01.024+0000] {taskinstance.py:1370} INFO - 
--------------------------------------------------------------------------------
[2022-09-04T16:33:01.033+0000] {taskinstance.py:1389} INFO - Executing <Task(BashOperator): get_datetime> on 2022-09-04 16:32:00+00:00
[2022-09-04T16:33:01.039+0000] {standard_task_runner.py:52} INFO - Started process 3799 to run task
[2022-09-04T16:33:01.042+0000] {standard_task_runner.py:79} INFO - Running: ['***', 'tasks', 'run', 'first_***_dag', 'get_datetime', 'scheduled__2022-09-04T16:32:00+00:00', '--job-id', '82', '--raw', '--subdir', 'DAGS_FOLDER/first_dag.py', '--cfg-path', '/tmp/tmpp0p441q2', '--error-file', '/tmp/tmpo19uuvia']
[2022-09-04T16:33:01.044+0000] {standard_task_runner.py:80} INFO - Job 82: Subtask get_datetime
[2022-09-04T16:33:01.094+0000] {task_command.py:371} INFO - Running <TaskInstance: first_airflow_dag.get_datetime scheduled__2022-09-04T16:32:00+00:00 [running]> on host c56acb3a0493
[2022-09-04T16:33:01.137+0000] {taskinstance.py:1583} INFO - Exporting the following env vars:
AIRFLOW_CTX_DAG_OWNER=***
AIRFLOW_CTX_DAG_ID=first_***_dag
AIRFLOW_CTX_TASK_ID=get_datetime
AIRFLOW_CTX_EXECUTION_DATE=2022-09-04T16:32:00+00:00
AIRFLOW_CTX_TRY_NUMBER=1
AIRFLOW_CTX_DAG_RUN_ID=scheduled__2022-09-04T16:32:00+00:00
[2022-09-04T16:33:01.139+0000] {subprocess.py:62} INFO - Tmp dir root location: 
 /tmp
[2022-09-04T16:33:01.140+0000] {subprocess.py:74} INFO - Running command: ['/bin/bash', '-c', 'date']
[2022-09-04T16:33:01.152+0000] {subprocess.py:85} INFO - Output:
[2022-09-04T16:33:01.155+0000] {subprocess.py:92} INFO - Sun Sep  4 16:33:01 UTC 2022
[2022-09-04T16:33:01.156+0000] {subprocess.py:96} INFO - Command exited with return code 0
[2022-09-04T16:33:01.176+0000] {taskinstance.py:1412} INFO - Marking task as SUCCESS. dag_id=first_***_dag, task_id=get_datetime, execution_date=20220904T163200, start_date=20220904T163301, end_date=20220904T163301
[2022-09-04T16:33:01.219+0000] {local_task_job.py:156} INFO - Task exited with return code 0
[2022-09-04T16:33:01.254+0000] {local_task_job.py:279} INFO - 1 downstream tasks scheduled from follow-on schedule check
