[2022-09-04T16:10:36.967+0000] {taskinstance.py:1171} INFO - Dependencies all met for <TaskInstance: first_airflow_dag.get_datetime scheduled__2022-09-04T16:09:00+00:00 [queued]>
[2022-09-04T16:10:36.974+0000] {taskinstance.py:1171} INFO - Dependencies all met for <TaskInstance: first_airflow_dag.get_datetime scheduled__2022-09-04T16:09:00+00:00 [queued]>
[2022-09-04T16:10:36.975+0000] {taskinstance.py:1368} INFO - 
--------------------------------------------------------------------------------
[2022-09-04T16:10:36.976+0000] {taskinstance.py:1369} INFO - Starting attempt 1 of 1
[2022-09-04T16:10:36.977+0000] {taskinstance.py:1370} INFO - 
--------------------------------------------------------------------------------
[2022-09-04T16:10:36.986+0000] {taskinstance.py:1389} INFO - Executing <Task(BashOperator): get_datetime> on 2022-09-04 16:09:00+00:00
[2022-09-04T16:10:36.991+0000] {standard_task_runner.py:52} INFO - Started process 2486 to run task
[2022-09-04T16:10:36.997+0000] {standard_task_runner.py:79} INFO - Running: ['***', 'tasks', 'run', 'first_***_dag', 'get_datetime', 'scheduled__2022-09-04T16:09:00+00:00', '--job-id', '25', '--raw', '--subdir', 'DAGS_FOLDER/first_dag.py', '--cfg-path', '/tmp/tmpv6uz4a6c', '--error-file', '/tmp/tmpwahboqph']
[2022-09-04T16:10:37.000+0000] {standard_task_runner.py:80} INFO - Job 25: Subtask get_datetime
[2022-09-04T16:10:37.055+0000] {task_command.py:371} INFO - Running <TaskInstance: first_airflow_dag.get_datetime scheduled__2022-09-04T16:09:00+00:00 [running]> on host c56acb3a0493
[2022-09-04T16:10:37.101+0000] {taskinstance.py:1583} INFO - Exporting the following env vars:
AIRFLOW_CTX_DAG_OWNER=***
AIRFLOW_CTX_DAG_ID=first_***_dag
AIRFLOW_CTX_TASK_ID=get_datetime
AIRFLOW_CTX_EXECUTION_DATE=2022-09-04T16:09:00+00:00
AIRFLOW_CTX_TRY_NUMBER=1
AIRFLOW_CTX_DAG_RUN_ID=scheduled__2022-09-04T16:09:00+00:00
[2022-09-04T16:10:37.103+0000] {subprocess.py:62} INFO - Tmp dir root location: 
 /tmp
[2022-09-04T16:10:37.104+0000] {subprocess.py:74} INFO - Running command: ['/bin/bash', '-c', 'date']
[2022-09-04T16:10:37.117+0000] {subprocess.py:85} INFO - Output:
[2022-09-04T16:10:37.120+0000] {subprocess.py:92} INFO - Sun Sep  4 16:10:37 UTC 2022
[2022-09-04T16:10:37.122+0000] {subprocess.py:96} INFO - Command exited with return code 0
[2022-09-04T16:10:37.142+0000] {taskinstance.py:1412} INFO - Marking task as SUCCESS. dag_id=first_***_dag, task_id=get_datetime, execution_date=20220904T160900, start_date=20220904T161036, end_date=20220904T161037
[2022-09-04T16:10:37.169+0000] {local_task_job.py:156} INFO - Task exited with return code 0
[2022-09-04T16:10:37.191+0000] {local_task_job.py:279} INFO - 0 downstream tasks scheduled from follow-on schedule check
