[2022-09-04T16:34:02.236+0000] {taskinstance.py:1171} INFO - Dependencies all met for <TaskInstance: first_airflow_dag.process_datetime scheduled__2022-09-04T16:33:00+00:00 [queued]>
[2022-09-04T16:34:02.243+0000] {taskinstance.py:1171} INFO - Dependencies all met for <TaskInstance: first_airflow_dag.process_datetime scheduled__2022-09-04T16:33:00+00:00 [queued]>
[2022-09-04T16:34:02.244+0000] {taskinstance.py:1368} INFO - 
--------------------------------------------------------------------------------
[2022-09-04T16:34:02.245+0000] {taskinstance.py:1369} INFO - Starting attempt 1 of 1
[2022-09-04T16:34:02.246+0000] {taskinstance.py:1370} INFO - 
--------------------------------------------------------------------------------
[2022-09-04T16:34:02.256+0000] {taskinstance.py:1389} INFO - Executing <Task(PythonOperator): process_datetime> on 2022-09-04 16:33:00+00:00
[2022-09-04T16:34:02.261+0000] {standard_task_runner.py:52} INFO - Started process 3867 to run task
[2022-09-04T16:34:02.263+0000] {standard_task_runner.py:79} INFO - Running: ['***', 'tasks', 'run', 'first_***_dag', 'process_datetime', 'scheduled__2022-09-04T16:33:00+00:00', '--job-id', '86', '--raw', '--subdir', 'DAGS_FOLDER/first_dag.py', '--cfg-path', '/tmp/tmp598u2xmf', '--error-file', '/tmp/tmpkhj_35cp']
[2022-09-04T16:34:02.266+0000] {standard_task_runner.py:80} INFO - Job 86: Subtask process_datetime
[2022-09-04T16:34:02.316+0000] {task_command.py:371} INFO - Running <TaskInstance: first_airflow_dag.process_datetime scheduled__2022-09-04T16:33:00+00:00 [running]> on host c56acb3a0493
[2022-09-04T16:34:02.364+0000] {taskinstance.py:1583} INFO - Exporting the following env vars:
AIRFLOW_CTX_DAG_OWNER=***
AIRFLOW_CTX_DAG_ID=first_***_dag
AIRFLOW_CTX_TASK_ID=process_datetime
AIRFLOW_CTX_EXECUTION_DATE=2022-09-04T16:33:00+00:00
AIRFLOW_CTX_TRY_NUMBER=1
AIRFLOW_CTX_DAG_RUN_ID=scheduled__2022-09-04T16:33:00+00:00
[2022-09-04T16:34:02.375+0000] {python.py:173} INFO - Done. Returned value was: {'year': 2022, 'month': 'Sep', 'day': 4, 'time': '16:34:01', 'day_of_week': 'Sun'}
[2022-09-04T16:34:02.395+0000] {taskinstance.py:1412} INFO - Marking task as SUCCESS. dag_id=first_***_dag, task_id=process_datetime, execution_date=20220904T163300, start_date=20220904T163402, end_date=20220904T163402
[2022-09-04T16:34:02.436+0000] {local_task_job.py:156} INFO - Task exited with return code 0
[2022-09-04T16:34:02.475+0000] {local_task_job.py:279} INFO - 1 downstream tasks scheduled from follow-on schedule check
