[2022-09-04T16:52:50.998+0000] {taskinstance.py:1171} INFO - Dependencies all met for <TaskInstance: first_airflow_dag.process_datetime manual__2022-09-04T16:52:49.268244+00:00 [queued]>
[2022-09-04T16:52:51.004+0000] {taskinstance.py:1171} INFO - Dependencies all met for <TaskInstance: first_airflow_dag.process_datetime manual__2022-09-04T16:52:49.268244+00:00 [queued]>
[2022-09-04T16:52:51.005+0000] {taskinstance.py:1368} INFO - 
--------------------------------------------------------------------------------
[2022-09-04T16:52:51.007+0000] {taskinstance.py:1369} INFO - Starting attempt 1 of 1
[2022-09-04T16:52:51.008+0000] {taskinstance.py:1370} INFO - 
--------------------------------------------------------------------------------
[2022-09-04T16:52:51.018+0000] {taskinstance.py:1389} INFO - Executing <Task(PythonOperator): process_datetime> on 2022-09-04 16:52:49.268244+00:00
[2022-09-04T16:52:51.023+0000] {standard_task_runner.py:52} INFO - Started process 107 to run task
[2022-09-04T16:52:51.026+0000] {standard_task_runner.py:79} INFO - Running: ['***', 'tasks', 'run', 'first_***_dag', 'process_datetime', 'manual__2022-09-04T16:52:49.268244+00:00', '--job-id', '42', '--raw', '--subdir', 'DAGS_FOLDER/first_dag.py', '--cfg-path', '/tmp/tmpwcw4bx02', '--error-file', '/tmp/tmp5zjttq4m']
[2022-09-04T16:52:51.028+0000] {standard_task_runner.py:80} INFO - Job 42: Subtask process_datetime
[2022-09-04T16:52:51.070+0000] {task_command.py:371} INFO - Running <TaskInstance: first_airflow_dag.process_datetime manual__2022-09-04T16:52:49.268244+00:00 [running]> on host 16715446b510
[2022-09-04T16:52:51.108+0000] {taskinstance.py:1583} INFO - Exporting the following env vars:
AIRFLOW_CTX_DAG_OWNER=***
AIRFLOW_CTX_DAG_ID=first_***_dag
AIRFLOW_CTX_TASK_ID=process_datetime
AIRFLOW_CTX_EXECUTION_DATE=2022-09-04T16:52:49.268244+00:00
AIRFLOW_CTX_TRY_NUMBER=1
AIRFLOW_CTX_DAG_RUN_ID=manual__2022-09-04T16:52:49.268244+00:00
[2022-09-04T16:52:51.116+0000] {python.py:173} INFO - Done. Returned value was: {'year': 2022, 'month': 'Sep', 'day': 4, 'time': '16:52:50', 'day_of_week': 'Sun'}
[2022-09-04T16:52:51.132+0000] {taskinstance.py:1412} INFO - Marking task as SUCCESS. dag_id=first_***_dag, task_id=process_datetime, execution_date=20220904T165249, start_date=20220904T165251, end_date=20220904T165251
[2022-09-04T16:52:51.158+0000] {local_task_job.py:156} INFO - Task exited with return code 0
[2022-09-04T16:52:51.181+0000] {local_task_job.py:279} INFO - 1 downstream tasks scheduled from follow-on schedule check
