[2022-09-04T16:14:19.541+0000] {taskinstance.py:1171} INFO - Dependencies all met for <TaskInstance: first_airflow_dag.get_datetime scheduled__2022-09-04T16:13:00+00:00 [queued]>
[2022-09-04T16:14:19.547+0000] {taskinstance.py:1171} INFO - Dependencies all met for <TaskInstance: first_airflow_dag.get_datetime scheduled__2022-09-04T16:13:00+00:00 [queued]>
[2022-09-04T16:14:19.548+0000] {taskinstance.py:1368} INFO - 
--------------------------------------------------------------------------------
[2022-09-04T16:14:19.549+0000] {taskinstance.py:1369} INFO - Starting attempt 1 of 1
[2022-09-04T16:14:19.550+0000] {taskinstance.py:1370} INFO - 
--------------------------------------------------------------------------------
[2022-09-04T16:14:19.558+0000] {taskinstance.py:1389} INFO - Executing <Task(BashOperator): get_datetime> on 2022-09-04 16:13:00+00:00
[2022-09-04T16:14:19.563+0000] {standard_task_runner.py:52} INFO - Started process 2688 to run task
[2022-09-04T16:14:19.566+0000] {standard_task_runner.py:79} INFO - Running: ['***', 'tasks', 'run', 'first_***_dag', 'get_datetime', 'scheduled__2022-09-04T16:13:00+00:00', '--job-id', '30', '--raw', '--subdir', 'DAGS_FOLDER/first_dag.py', '--cfg-path', '/tmp/tmp_5yc1k5y', '--error-file', '/tmp/tmpdxu64fum']
[2022-09-04T16:14:19.568+0000] {standard_task_runner.py:80} INFO - Job 30: Subtask get_datetime
[2022-09-04T16:14:19.635+0000] {task_command.py:371} INFO - Running <TaskInstance: first_airflow_dag.get_datetime scheduled__2022-09-04T16:13:00+00:00 [running]> on host c56acb3a0493
[2022-09-04T16:14:19.676+0000] {taskinstance.py:1583} INFO - Exporting the following env vars:
AIRFLOW_CTX_DAG_OWNER=***
AIRFLOW_CTX_DAG_ID=first_***_dag
AIRFLOW_CTX_TASK_ID=get_datetime
AIRFLOW_CTX_EXECUTION_DATE=2022-09-04T16:13:00+00:00
AIRFLOW_CTX_TRY_NUMBER=1
AIRFLOW_CTX_DAG_RUN_ID=scheduled__2022-09-04T16:13:00+00:00
[2022-09-04T16:14:19.678+0000] {subprocess.py:62} INFO - Tmp dir root location: 
 /tmp
[2022-09-04T16:14:19.680+0000] {subprocess.py:74} INFO - Running command: ['/bin/bash', '-c', 'date']
[2022-09-04T16:14:19.690+0000] {subprocess.py:85} INFO - Output:
[2022-09-04T16:14:19.692+0000] {subprocess.py:92} INFO - Sun Sep  4 16:14:19 UTC 2022
[2022-09-04T16:14:19.693+0000] {subprocess.py:96} INFO - Command exited with return code 0
[2022-09-04T16:14:19.712+0000] {taskinstance.py:1412} INFO - Marking task as SUCCESS. dag_id=first_***_dag, task_id=get_datetime, execution_date=20220904T161300, start_date=20220904T161419, end_date=20220904T161419
[2022-09-04T16:14:19.751+0000] {local_task_job.py:156} INFO - Task exited with return code 0
[2022-09-04T16:14:19.773+0000] {local_task_job.py:279} INFO - 0 downstream tasks scheduled from follow-on schedule check
