[2022-09-04T16:39:01.927+0000] {taskinstance.py:1171} INFO - Dependencies all met for <TaskInstance: first_airflow_dag.process_datetime scheduled__2022-09-04T16:38:00+00:00 [queued]>
[2022-09-04T16:39:01.933+0000] {taskinstance.py:1171} INFO - Dependencies all met for <TaskInstance: first_airflow_dag.process_datetime scheduled__2022-09-04T16:38:00+00:00 [queued]>
[2022-09-04T16:39:01.934+0000] {taskinstance.py:1368} INFO - 
--------------------------------------------------------------------------------
[2022-09-04T16:39:01.935+0000] {taskinstance.py:1369} INFO - Starting attempt 1 of 1
[2022-09-04T16:39:01.936+0000] {taskinstance.py:1370} INFO - 
--------------------------------------------------------------------------------
[2022-09-04T16:39:01.943+0000] {taskinstance.py:1389} INFO - Executing <Task(PythonOperator): process_datetime> on 2022-09-04 16:38:00+00:00
[2022-09-04T16:39:01.948+0000] {standard_task_runner.py:52} INFO - Started process 4203 to run task
[2022-09-04T16:39:01.951+0000] {standard_task_runner.py:79} INFO - Running: ['***', 'tasks', 'run', 'first_***_dag', 'process_datetime', 'scheduled__2022-09-04T16:38:00+00:00', '--job-id', '113', '--raw', '--subdir', 'DAGS_FOLDER/first_dag.py', '--cfg-path', '/tmp/tmpezlpdbl5', '--error-file', '/tmp/tmp5841yk_u']
[2022-09-04T16:39:01.953+0000] {standard_task_runner.py:80} INFO - Job 113: Subtask process_datetime
[2022-09-04T16:39:02.016+0000] {task_command.py:371} INFO - Running <TaskInstance: first_airflow_dag.process_datetime scheduled__2022-09-04T16:38:00+00:00 [running]> on host c56acb3a0493
[2022-09-04T16:39:02.072+0000] {taskinstance.py:1583} INFO - Exporting the following env vars:
AIRFLOW_CTX_DAG_OWNER=***
AIRFLOW_CTX_DAG_ID=first_***_dag
AIRFLOW_CTX_TASK_ID=process_datetime
AIRFLOW_CTX_EXECUTION_DATE=2022-09-04T16:38:00+00:00
AIRFLOW_CTX_TRY_NUMBER=1
AIRFLOW_CTX_DAG_RUN_ID=scheduled__2022-09-04T16:38:00+00:00
[2022-09-04T16:39:02.080+0000] {python.py:173} INFO - Done. Returned value was: {'year': 2022, 'month': 'Sep', 'day': 4, 'time': '16:39:00', 'day_of_week': 'Sun'}
[2022-09-04T16:39:02.098+0000] {taskinstance.py:1412} INFO - Marking task as SUCCESS. dag_id=first_***_dag, task_id=process_datetime, execution_date=20220904T163800, start_date=20220904T163901, end_date=20220904T163902
[2022-09-04T16:39:02.123+0000] {local_task_job.py:156} INFO - Task exited with return code 0
[2022-09-04T16:39:02.150+0000] {local_task_job.py:279} INFO - 1 downstream tasks scheduled from follow-on schedule check
