[2022-09-04T16:53:02.989+0000] {taskinstance.py:1171} INFO - Dependencies all met for <TaskInstance: first_airflow_dag.save_datetime scheduled__2022-09-04T16:52:00+00:00 [queued]>
[2022-09-04T16:53:02.995+0000] {taskinstance.py:1171} INFO - Dependencies all met for <TaskInstance: first_airflow_dag.save_datetime scheduled__2022-09-04T16:52:00+00:00 [queued]>
[2022-09-04T16:53:02.996+0000] {taskinstance.py:1368} INFO - 
--------------------------------------------------------------------------------
[2022-09-04T16:53:02.997+0000] {taskinstance.py:1369} INFO - Starting attempt 1 of 1
[2022-09-04T16:53:02.998+0000] {taskinstance.py:1370} INFO - 
--------------------------------------------------------------------------------
[2022-09-04T16:53:03.005+0000] {taskinstance.py:1389} INFO - Executing <Task(PythonOperator): save_datetime> on 2022-09-04 16:52:00+00:00
[2022-09-04T16:53:03.015+0000] {standard_task_runner.py:52} INFO - Started process 129 to run task
[2022-09-04T16:53:03.018+0000] {standard_task_runner.py:79} INFO - Running: ['***', 'tasks', 'run', 'first_***_dag', 'save_datetime', 'scheduled__2022-09-04T16:52:00+00:00', '--job-id', '46', '--raw', '--subdir', 'DAGS_FOLDER/first_dag.py', '--cfg-path', '/tmp/tmpixlub0wp', '--error-file', '/tmp/tmpphwtx9bw']
[2022-09-04T16:53:03.020+0000] {standard_task_runner.py:80} INFO - Job 46: Subtask save_datetime
[2022-09-04T16:53:03.062+0000] {task_command.py:371} INFO - Running <TaskInstance: first_airflow_dag.save_datetime scheduled__2022-09-04T16:52:00+00:00 [running]> on host 16715446b510
[2022-09-04T16:53:03.101+0000] {taskinstance.py:1583} INFO - Exporting the following env vars:
AIRFLOW_CTX_DAG_OWNER=***
AIRFLOW_CTX_DAG_ID=first_***_dag
AIRFLOW_CTX_TASK_ID=save_datetime
AIRFLOW_CTX_EXECUTION_DATE=2022-09-04T16:52:00+00:00
AIRFLOW_CTX_TRY_NUMBER=1
AIRFLOW_CTX_DAG_RUN_ID=scheduled__2022-09-04T16:52:00+00:00
[2022-09-04T16:53:03.109+0000] {logging_mixin.py:115} INFO - [{'year': 2022, 'month': 'Sep', 'day': 4, 'time': '16:53:01', 'day_of_week': 'Sun'}]
[2022-09-04T16:53:03.117+0000] {logging_mixin.py:115} INFO - /opt/***/plugins/datetimes.csv
[2022-09-04T16:53:03.124+0000] {logging_mixin.py:115} INFO -    year month  day      time day_of_week
0  2022   Sep    4  16:53:01         Sun
[2022-09-04T16:53:03.126+0000] {logging_mixin.py:115} INFO - True
[2022-09-04T16:53:03.130+0000] {python.py:173} INFO - Done. Returned value was: None
[2022-09-04T16:53:03.139+0000] {taskinstance.py:1412} INFO - Marking task as SUCCESS. dag_id=first_***_dag, task_id=save_datetime, execution_date=20220904T165200, start_date=20220904T165302, end_date=20220904T165303
[2022-09-04T16:53:03.194+0000] {local_task_job.py:156} INFO - Task exited with return code 0
[2022-09-04T16:53:03.216+0000] {local_task_job.py:279} INFO - 0 downstream tasks scheduled from follow-on schedule check
