[2022-09-04T16:35:02.739+0000] {taskinstance.py:1171} INFO - Dependencies all met for <TaskInstance: first_airflow_dag.process_datetime scheduled__2022-09-04T16:34:00+00:00 [queued]>
[2022-09-04T16:35:02.747+0000] {taskinstance.py:1171} INFO - Dependencies all met for <TaskInstance: first_airflow_dag.process_datetime scheduled__2022-09-04T16:34:00+00:00 [queued]>
[2022-09-04T16:35:02.748+0000] {taskinstance.py:1368} INFO - 
--------------------------------------------------------------------------------
[2022-09-04T16:35:02.749+0000] {taskinstance.py:1369} INFO - Starting attempt 1 of 1
[2022-09-04T16:35:02.750+0000] {taskinstance.py:1370} INFO - 
--------------------------------------------------------------------------------
[2022-09-04T16:35:02.759+0000] {taskinstance.py:1389} INFO - Executing <Task(PythonOperator): process_datetime> on 2022-09-04 16:34:00+00:00
[2022-09-04T16:35:02.764+0000] {standard_task_runner.py:52} INFO - Started process 3941 to run task
[2022-09-04T16:35:02.768+0000] {standard_task_runner.py:79} INFO - Running: ['***', 'tasks', 'run', 'first_***_dag', 'process_datetime', 'scheduled__2022-09-04T16:34:00+00:00', '--job-id', '91', '--raw', '--subdir', 'DAGS_FOLDER/first_dag.py', '--cfg-path', '/tmp/tmpv1e_662i', '--error-file', '/tmp/tmpl4_otxfs']
[2022-09-04T16:35:02.771+0000] {standard_task_runner.py:80} INFO - Job 91: Subtask process_datetime
[2022-09-04T16:35:02.830+0000] {task_command.py:371} INFO - Running <TaskInstance: first_airflow_dag.process_datetime scheduled__2022-09-04T16:34:00+00:00 [running]> on host c56acb3a0493
[2022-09-04T16:35:02.884+0000] {taskinstance.py:1583} INFO - Exporting the following env vars:
AIRFLOW_CTX_DAG_OWNER=***
AIRFLOW_CTX_DAG_ID=first_***_dag
AIRFLOW_CTX_TASK_ID=process_datetime
AIRFLOW_CTX_EXECUTION_DATE=2022-09-04T16:34:00+00:00
AIRFLOW_CTX_TRY_NUMBER=1
AIRFLOW_CTX_DAG_RUN_ID=scheduled__2022-09-04T16:34:00+00:00
[2022-09-04T16:35:02.894+0000] {python.py:173} INFO - Done. Returned value was: {'year': 2022, 'month': 'Sep', 'day': 4, 'time': '16:35:01', 'day_of_week': 'Sun'}
[2022-09-04T16:35:02.914+0000] {taskinstance.py:1412} INFO - Marking task as SUCCESS. dag_id=first_***_dag, task_id=process_datetime, execution_date=20220904T163400, start_date=20220904T163502, end_date=20220904T163502
[2022-09-04T16:35:02.941+0000] {local_task_job.py:156} INFO - Task exited with return code 0
[2022-09-04T16:35:02.985+0000] {local_task_job.py:279} INFO - 0 downstream tasks scheduled from follow-on schedule check
