[2022-09-04T15:26:54.216+0000] {taskinstance.py:1171} INFO - Dependencies all met for <TaskInstance: example_bash_operator.runme_1 scheduled__2022-09-03T00:00:00+00:00 [queued]>
[2022-09-04T15:26:54.289+0000] {taskinstance.py:1171} INFO - Dependencies all met for <TaskInstance: example_bash_operator.runme_1 scheduled__2022-09-03T00:00:00+00:00 [queued]>
[2022-09-04T15:26:54.336+0000] {taskinstance.py:1368} INFO - 
--------------------------------------------------------------------------------
[2022-09-04T15:26:54.339+0000] {taskinstance.py:1369} INFO - Starting attempt 1 of 1
[2022-09-04T15:26:54.343+0000] {taskinstance.py:1370} INFO - 
--------------------------------------------------------------------------------
[2022-09-04T15:26:54.406+0000] {taskinstance.py:1389} INFO - Executing <Task(BashOperator): runme_1> on 2022-09-03 00:00:00+00:00
[2022-09-04T15:26:54.421+0000] {standard_task_runner.py:52} INFO - Started process 261 to run task
[2022-09-04T15:26:54.455+0000] {standard_task_runner.py:79} INFO - Running: ['***', 'tasks', 'run', 'example_bash_operator', 'runme_1', 'scheduled__2022-09-03T00:00:00+00:00', '--job-id', '12', '--raw', '--subdir', '/home/***/.local/lib/python3.7/site-packages/***/example_dags/example_bash_operator.py', '--cfg-path', '/tmp/tmp7mp4xhzv', '--error-file', '/tmp/tmpr18m__vj']
[2022-09-04T15:26:54.460+0000] {standard_task_runner.py:80} INFO - Job 12: Subtask runme_1
[2022-09-04T15:26:54.681+0000] {task_command.py:371} INFO - Running <TaskInstance: example_bash_operator.runme_1 scheduled__2022-09-03T00:00:00+00:00 [running]> on host c56acb3a0493
[2022-09-04T15:26:54.805+0000] {taskinstance.py:1583} INFO - Exporting the following env vars:
AIRFLOW_CTX_DAG_OWNER=***
AIRFLOW_CTX_DAG_ID=example_bash_operator
AIRFLOW_CTX_TASK_ID=runme_1
AIRFLOW_CTX_EXECUTION_DATE=2022-09-03T00:00:00+00:00
AIRFLOW_CTX_TRY_NUMBER=1
AIRFLOW_CTX_DAG_RUN_ID=scheduled__2022-09-03T00:00:00+00:00
[2022-09-04T15:26:54.807+0000] {subprocess.py:62} INFO - Tmp dir root location: 
 /tmp
[2022-09-04T15:26:54.813+0000] {subprocess.py:74} INFO - Running command: ['/bin/bash', '-c', 'echo "example_bash_operator__runme_1__20220903" && sleep 1']
[2022-09-04T15:26:54.837+0000] {subprocess.py:85} INFO - Output:
[2022-09-04T15:26:54.841+0000] {subprocess.py:92} INFO - example_bash_operator__runme_1__20220903
[2022-09-04T15:26:55.844+0000] {subprocess.py:96} INFO - Command exited with return code 0
[2022-09-04T15:26:55.870+0000] {taskinstance.py:1412} INFO - Marking task as SUCCESS. dag_id=example_bash_operator, task_id=runme_1, execution_date=20220903T000000, start_date=20220904T152654, end_date=20220904T152655
[2022-09-04T15:26:55.894+0000] {local_task_job.py:156} INFO - Task exited with return code 0
[2022-09-04T15:26:55.920+0000] {local_task_job.py:279} INFO - 0 downstream tasks scheduled from follow-on schedule check
