[2022-09-04T15:26:54.407+0000] {taskinstance.py:1171} INFO - Dependencies all met for <TaskInstance: example_bash_operator.runme_2 scheduled__2022-09-03T00:00:00+00:00 [queued]>
[2022-09-04T15:26:54.430+0000] {taskinstance.py:1171} INFO - Dependencies all met for <TaskInstance: example_bash_operator.runme_2 scheduled__2022-09-03T00:00:00+00:00 [queued]>
[2022-09-04T15:26:54.433+0000] {taskinstance.py:1368} INFO - 
--------------------------------------------------------------------------------
[2022-09-04T15:26:54.435+0000] {taskinstance.py:1369} INFO - Starting attempt 1 of 1
[2022-09-04T15:26:54.437+0000] {taskinstance.py:1370} INFO - 
--------------------------------------------------------------------------------
[2022-09-04T15:26:54.490+0000] {taskinstance.py:1389} INFO - Executing <Task(BashOperator): runme_2> on 2022-09-03 00:00:00+00:00
[2022-09-04T15:26:54.496+0000] {standard_task_runner.py:52} INFO - Started process 263 to run task
[2022-09-04T15:26:54.516+0000] {standard_task_runner.py:79} INFO - Running: ['***', 'tasks', 'run', 'example_bash_operator', 'runme_2', 'scheduled__2022-09-03T00:00:00+00:00', '--job-id', '14', '--raw', '--subdir', '/home/***/.local/lib/python3.7/site-packages/***/example_dags/example_bash_operator.py', '--cfg-path', '/tmp/tmprusdq3jn', '--error-file', '/tmp/tmpa1qogtdp']
[2022-09-04T15:26:54.532+0000] {standard_task_runner.py:80} INFO - Job 14: Subtask runme_2
[2022-09-04T15:26:54.729+0000] {task_command.py:371} INFO - Running <TaskInstance: example_bash_operator.runme_2 scheduled__2022-09-03T00:00:00+00:00 [running]> on host c56acb3a0493
[2022-09-04T15:26:54.884+0000] {taskinstance.py:1583} INFO - Exporting the following env vars:
AIRFLOW_CTX_DAG_OWNER=***
AIRFLOW_CTX_DAG_ID=example_bash_operator
AIRFLOW_CTX_TASK_ID=runme_2
AIRFLOW_CTX_EXECUTION_DATE=2022-09-03T00:00:00+00:00
AIRFLOW_CTX_TRY_NUMBER=1
AIRFLOW_CTX_DAG_RUN_ID=scheduled__2022-09-03T00:00:00+00:00
[2022-09-04T15:26:54.887+0000] {subprocess.py:62} INFO - Tmp dir root location: 
 /tmp
[2022-09-04T15:26:54.889+0000] {subprocess.py:74} INFO - Running command: ['/bin/bash', '-c', 'echo "example_bash_operator__runme_2__20220903" && sleep 1']
[2022-09-04T15:26:54.902+0000] {subprocess.py:85} INFO - Output:
[2022-09-04T15:26:54.905+0000] {subprocess.py:92} INFO - example_bash_operator__runme_2__20220903
[2022-09-04T15:26:55.907+0000] {subprocess.py:96} INFO - Command exited with return code 0
[2022-09-04T15:26:55.934+0000] {taskinstance.py:1412} INFO - Marking task as SUCCESS. dag_id=example_bash_operator, task_id=runme_2, execution_date=20220903T000000, start_date=20220904T152654, end_date=20220904T152655
[2022-09-04T15:26:55.979+0000] {local_task_job.py:156} INFO - Task exited with return code 0
[2022-09-04T15:26:56.005+0000] {local_task_job.py:279} INFO - 1 downstream tasks scheduled from follow-on schedule check
